[0.063s] DEBUG:colcon:Command line arguments: ['/usr/bin/colcon', 'build']
[0.064s] DEBUG:colcon:Parsed command line arguments: Namespace(log_base=None, log_level=None, verb_name='build', build_base='build', install_base='install', merge_install=False, symlink_install=False, test_result_base=None, continue_on_error=False, executor='parallel', parallel_workers=12, event_handlers=None, ignore_user_meta=False, metas=['./colcon.meta'], base_paths=['.'], packages_ignore=None, packages_ignore_regex=None, paths=None, packages_up_to=None, packages_up_to_regex=None, packages_above=None, packages_above_and_dependencies=None, packages_above_depth=None, packages_select_by_dep=None, packages_skip_by_dep=None, packages_skip_up_to=None, packages_select_build_failed=False, packages_skip_build_finished=False, packages_select_test_failures=False, packages_skip_test_passed=False, packages_select=None, packages_skip=None, packages_select_regex=None, packages_skip_regex=None, packages_start=None, packages_end=None, allow_overriding=[], cmake_args=None, cmake_target=None, cmake_target_skip_unavailable=False, cmake_clean_cache=False, cmake_clean_first=False, cmake_force_configure=False, ament_cmake_args=None, catkin_cmake_args=None, catkin_skip_building_tests=False, verb_parser=<colcon_defaults.argument_parser.defaults.DefaultArgumentsDecorator object at 0x77943045b290>, verb_extension=<colcon_core.verb.build.BuildVerb object at 0x7794305abe00>, main=<bound method BuildVerb.main of <colcon_core.verb.build.BuildVerb object at 0x7794305abe00>>)
[0.089s] Level 1:colcon.colcon_core.package_discovery:discover_packages(colcon_meta) check parameters
[0.089s] Level 1:colcon.colcon_core.package_discovery:discover_packages(recursive) check parameters
[0.089s] Level 1:colcon.colcon_core.package_discovery:discover_packages(ignore) check parameters
[0.089s] Level 1:colcon.colcon_core.package_discovery:discover_packages(path) check parameters
[0.089s] Level 1:colcon.colcon_core.package_discovery:discover_packages(colcon_meta) discover
[0.089s] Level 1:colcon.colcon_core.package_discovery:discover_packages(recursive) discover
[0.089s] INFO:colcon.colcon_core.package_discovery:Crawling recursively for packages in '/home/wh/ros2_mecanum'
[0.089s] Level 1:colcon.colcon_core.package_identification:_identify(.) by extensions ['ignore', 'ignore_ament_install']
[0.089s] Level 1:colcon.colcon_core.package_identification:_identify(.) by extension 'ignore'
[0.089s] Level 1:colcon.colcon_core.package_identification:_identify(.) by extension 'ignore_ament_install'
[0.089s] Level 1:colcon.colcon_core.package_identification:_identify(.) by extensions ['colcon_pkg']
[0.089s] Level 1:colcon.colcon_core.package_identification:_identify(.) by extension 'colcon_pkg'
[0.089s] Level 1:colcon.colcon_core.package_identification:_identify(.) by extensions ['colcon_meta']
[0.089s] Level 1:colcon.colcon_core.package_identification:_identify(.) by extension 'colcon_meta'
[0.089s] Level 1:colcon.colcon_core.package_identification:_identify(.) by extensions ['ros']
[0.089s] Level 1:colcon.colcon_core.package_identification:_identify(.) by extension 'ros'
[0.109s] Level 1:colcon.colcon_core.package_identification:_identify(.) by extensions ['cmake', 'python']
[0.109s] Level 1:colcon.colcon_core.package_identification:_identify(.) by extension 'cmake'
[0.109s] Level 1:colcon.colcon_core.package_identification:_identify(.) by extension 'python'
[0.109s] Level 1:colcon.colcon_core.package_identification:_identify(.) by extensions ['python_setup_py']
[0.109s] Level 1:colcon.colcon_core.package_identification:_identify(.) by extension 'python_setup_py'
[0.109s] Level 1:colcon.colcon_core.package_identification:_identify(build) by extensions ['ignore', 'ignore_ament_install']
[0.109s] Level 1:colcon.colcon_core.package_identification:_identify(build) by extension 'ignore'
[0.109s] Level 1:colcon.colcon_core.package_identification:_identify(build) ignored
[0.110s] Level 1:colcon.colcon_core.package_identification:_identify(install) by extensions ['ignore', 'ignore_ament_install']
[0.110s] Level 1:colcon.colcon_core.package_identification:_identify(install) by extension 'ignore'
[0.110s] Level 1:colcon.colcon_core.package_identification:_identify(install) ignored
[0.110s] Level 1:colcon.colcon_core.package_identification:_identify(log) by extensions ['ignore', 'ignore_ament_install']
[0.110s] Level 1:colcon.colcon_core.package_identification:_identify(log) by extension 'ignore'
[0.110s] Level 1:colcon.colcon_core.package_identification:_identify(log) ignored
[0.110s] Level 1:colcon.colcon_core.package_identification:_identify(src) by extensions ['ignore', 'ignore_ament_install']
[0.110s] Level 1:colcon.colcon_core.package_identification:_identify(src) by extension 'ignore'
[0.110s] Level 1:colcon.colcon_core.package_identification:_identify(src) by extension 'ignore_ament_install'
[0.110s] Level 1:colcon.colcon_core.package_identification:_identify(src) by extensions ['colcon_pkg']
[0.110s] Level 1:colcon.colcon_core.package_identification:_identify(src) by extension 'colcon_pkg'
[0.110s] Level 1:colcon.colcon_core.package_identification:_identify(src) by extensions ['colcon_meta']
[0.110s] Level 1:colcon.colcon_core.package_identification:_identify(src) by extension 'colcon_meta'
[0.110s] Level 1:colcon.colcon_core.package_identification:_identify(src) by extensions ['ros']
[0.110s] Level 1:colcon.colcon_core.package_identification:_identify(src) by extension 'ros'
[0.110s] Level 1:colcon.colcon_core.package_identification:_identify(src) by extensions ['cmake', 'python']
[0.110s] Level 1:colcon.colcon_core.package_identification:_identify(src) by extension 'cmake'
[0.110s] Level 1:colcon.colcon_core.package_identification:_identify(src) by extension 'python'
[0.110s] Level 1:colcon.colcon_core.package_identification:_identify(src) by extensions ['python_setup_py']
[0.110s] Level 1:colcon.colcon_core.package_identification:_identify(src) by extension 'python_setup_py'
[0.110s] Level 1:colcon.colcon_core.package_identification:_identify(src/delta2a_lidar) by extensions ['ignore', 'ignore_ament_install']
[0.110s] Level 1:colcon.colcon_core.package_identification:_identify(src/delta2a_lidar) by extension 'ignore'
[0.110s] Level 1:colcon.colcon_core.package_identification:_identify(src/delta2a_lidar) by extension 'ignore_ament_install'
[0.110s] Level 1:colcon.colcon_core.package_identification:_identify(src/delta2a_lidar) by extensions ['colcon_pkg']
[0.110s] Level 1:colcon.colcon_core.package_identification:_identify(src/delta2a_lidar) by extension 'colcon_pkg'
[0.110s] Level 1:colcon.colcon_core.package_identification:_identify(src/delta2a_lidar) by extensions ['colcon_meta']
[0.110s] Level 1:colcon.colcon_core.package_identification:_identify(src/delta2a_lidar) by extension 'colcon_meta'
[0.110s] Level 1:colcon.colcon_core.package_identification:_identify(src/delta2a_lidar) by extensions ['ros']
[0.110s] Level 1:colcon.colcon_core.package_identification:_identify(src/delta2a_lidar) by extension 'ros'
[0.110s] Level 1:colcon.colcon_core.package_identification:_identify(src/delta2a_lidar) by extensions ['cmake', 'python']
[0.110s] Level 1:colcon.colcon_core.package_identification:_identify(src/delta2a_lidar) by extension 'cmake'
[0.110s] Level 1:colcon.colcon_core.package_identification:_identify(src/delta2a_lidar) by extension 'python'
[0.110s] Level 1:colcon.colcon_core.package_identification:_identify(src/delta2a_lidar) by extensions ['python_setup_py']
[0.111s] Level 1:colcon.colcon_core.package_identification:_identify(src/delta2a_lidar) by extension 'python_setup_py'
[0.111s] Level 1:colcon.colcon_core.package_identification:_identify(src/delta2a_lidar/docker) by extensions ['ignore', 'ignore_ament_install']
[0.111s] Level 1:colcon.colcon_core.package_identification:_identify(src/delta2a_lidar/docker) by extension 'ignore'
[0.111s] Level 1:colcon.colcon_core.package_identification:_identify(src/delta2a_lidar/docker) by extension 'ignore_ament_install'
[0.111s] Level 1:colcon.colcon_core.package_identification:_identify(src/delta2a_lidar/docker) by extensions ['colcon_pkg']
[0.111s] Level 1:colcon.colcon_core.package_identification:_identify(src/delta2a_lidar/docker) by extension 'colcon_pkg'
[0.111s] Level 1:colcon.colcon_core.package_identification:_identify(src/delta2a_lidar/docker) by extensions ['colcon_meta']
[0.111s] Level 1:colcon.colcon_core.package_identification:_identify(src/delta2a_lidar/docker) by extension 'colcon_meta'
[0.111s] Level 1:colcon.colcon_core.package_identification:_identify(src/delta2a_lidar/docker) by extensions ['ros']
[0.111s] Level 1:colcon.colcon_core.package_identification:_identify(src/delta2a_lidar/docker) by extension 'ros'
[0.111s] Level 1:colcon.colcon_core.package_identification:_identify(src/delta2a_lidar/docker) by extensions ['cmake', 'python']
[0.111s] Level 1:colcon.colcon_core.package_identification:_identify(src/delta2a_lidar/docker) by extension 'cmake'
[0.111s] Level 1:colcon.colcon_core.package_identification:_identify(src/delta2a_lidar/docker) by extension 'python'
[0.111s] Level 1:colcon.colcon_core.package_identification:_identify(src/delta2a_lidar/docker) by extensions ['python_setup_py']
[0.111s] Level 1:colcon.colcon_core.package_identification:_identify(src/delta2a_lidar/docker) by extension 'python_setup_py'
[0.111s] Level 1:colcon.colcon_core.package_identification:_identify(src/delta2a_lidar/src) by extensions ['ignore', 'ignore_ament_install']
[0.111s] Level 1:colcon.colcon_core.package_identification:_identify(src/delta2a_lidar/src) by extension 'ignore'
[0.111s] Level 1:colcon.colcon_core.package_identification:_identify(src/delta2a_lidar/src) by extension 'ignore_ament_install'
[0.111s] Level 1:colcon.colcon_core.package_identification:_identify(src/delta2a_lidar/src) by extensions ['colcon_pkg']
[0.111s] Level 1:colcon.colcon_core.package_identification:_identify(src/delta2a_lidar/src) by extension 'colcon_pkg'
[0.111s] Level 1:colcon.colcon_core.package_identification:_identify(src/delta2a_lidar/src) by extensions ['colcon_meta']
[0.111s] Level 1:colcon.colcon_core.package_identification:_identify(src/delta2a_lidar/src) by extension 'colcon_meta'
[0.111s] Level 1:colcon.colcon_core.package_identification:_identify(src/delta2a_lidar/src) by extensions ['ros']
[0.111s] Level 1:colcon.colcon_core.package_identification:_identify(src/delta2a_lidar/src) by extension 'ros'
[0.111s] Level 1:colcon.colcon_core.package_identification:_identify(src/delta2a_lidar/src) by extensions ['cmake', 'python']
[0.111s] Level 1:colcon.colcon_core.package_identification:_identify(src/delta2a_lidar/src) by extension 'cmake'
[0.111s] Level 1:colcon.colcon_core.package_identification:_identify(src/delta2a_lidar/src) by extension 'python'
[0.111s] Level 1:colcon.colcon_core.package_identification:_identify(src/delta2a_lidar/src) by extensions ['python_setup_py']
[0.111s] Level 1:colcon.colcon_core.package_identification:_identify(src/delta2a_lidar/src) by extension 'python_setup_py'
[0.111s] Level 1:colcon.colcon_core.package_identification:_identify(src/delta2a_lidar/src/delta2a_lidar) by extensions ['ignore', 'ignore_ament_install']
[0.111s] Level 1:colcon.colcon_core.package_identification:_identify(src/delta2a_lidar/src/delta2a_lidar) by extension 'ignore'
[0.111s] Level 1:colcon.colcon_core.package_identification:_identify(src/delta2a_lidar/src/delta2a_lidar) by extension 'ignore_ament_install'
[0.111s] Level 1:colcon.colcon_core.package_identification:_identify(src/delta2a_lidar/src/delta2a_lidar) by extensions ['colcon_pkg']
[0.111s] Level 1:colcon.colcon_core.package_identification:_identify(src/delta2a_lidar/src/delta2a_lidar) by extension 'colcon_pkg'
[0.111s] Level 1:colcon.colcon_core.package_identification:_identify(src/delta2a_lidar/src/delta2a_lidar) by extensions ['colcon_meta']
[0.111s] Level 1:colcon.colcon_core.package_identification:_identify(src/delta2a_lidar/src/delta2a_lidar) by extension 'colcon_meta'
[0.111s] Level 1:colcon.colcon_core.package_identification:_identify(src/delta2a_lidar/src/delta2a_lidar) by extensions ['ros']
[0.111s] Level 1:colcon.colcon_core.package_identification:_identify(src/delta2a_lidar/src/delta2a_lidar) by extension 'ros'
[0.113s] DEBUG:colcon.colcon_core.package_identification:Package 'src/delta2a_lidar/src/delta2a_lidar' with type 'ros.ament_python' and name 'delta2a_lidar'
[0.113s] Level 1:colcon.colcon_core.package_identification:_identify(src/lidar) by extensions ['ignore', 'ignore_ament_install']
[0.113s] Level 1:colcon.colcon_core.package_identification:_identify(src/lidar) by extension 'ignore'
[0.113s] Level 1:colcon.colcon_core.package_identification:_identify(src/lidar) by extension 'ignore_ament_install'
[0.113s] Level 1:colcon.colcon_core.package_identification:_identify(src/lidar) by extensions ['colcon_pkg']
[0.113s] Level 1:colcon.colcon_core.package_identification:_identify(src/lidar) by extension 'colcon_pkg'
[0.113s] Level 1:colcon.colcon_core.package_identification:_identify(src/lidar) by extensions ['colcon_meta']
[0.113s] Level 1:colcon.colcon_core.package_identification:_identify(src/lidar) by extension 'colcon_meta'
[0.113s] Level 1:colcon.colcon_core.package_identification:_identify(src/lidar) by extensions ['ros']
[0.113s] Level 1:colcon.colcon_core.package_identification:_identify(src/lidar) by extension 'ros'
[0.114s] DEBUG:colcon.colcon_core.package_identification:Package 'src/lidar' with type 'ros.ament_python' and name 'lidar'
[0.114s] Level 1:colcon.colcon_core.package_identification:_identify(src/sam_bot_odom_py) by extensions ['ignore', 'ignore_ament_install']
[0.114s] Level 1:colcon.colcon_core.package_identification:_identify(src/sam_bot_odom_py) by extension 'ignore'
[0.114s] Level 1:colcon.colcon_core.package_identification:_identify(src/sam_bot_odom_py) by extension 'ignore_ament_install'
[0.114s] Level 1:colcon.colcon_core.package_identification:_identify(src/sam_bot_odom_py) by extensions ['colcon_pkg']
[0.114s] Level 1:colcon.colcon_core.package_identification:_identify(src/sam_bot_odom_py) by extension 'colcon_pkg'
[0.114s] Level 1:colcon.colcon_core.package_identification:_identify(src/sam_bot_odom_py) by extensions ['colcon_meta']
[0.114s] Level 1:colcon.colcon_core.package_identification:_identify(src/sam_bot_odom_py) by extension 'colcon_meta'
[0.114s] Level 1:colcon.colcon_core.package_identification:_identify(src/sam_bot_odom_py) by extensions ['ros']
[0.114s] Level 1:colcon.colcon_core.package_identification:_identify(src/sam_bot_odom_py) by extension 'ros'
[0.114s] DEBUG:colcon.colcon_core.package_identification:Package 'src/sam_bot_odom_py' with type 'ros.ament_python' and name 'sam_bot_odom_py'
[0.114s] Level 1:colcon.colcon_core.package_identification:_identify(src/stm32) by extensions ['ignore', 'ignore_ament_install']
[0.114s] Level 1:colcon.colcon_core.package_identification:_identify(src/stm32) by extension 'ignore'
[0.114s] Level 1:colcon.colcon_core.package_identification:_identify(src/stm32) by extension 'ignore_ament_install'
[0.115s] Level 1:colcon.colcon_core.package_identification:_identify(src/stm32) by extensions ['colcon_pkg']
[0.115s] Level 1:colcon.colcon_core.package_identification:_identify(src/stm32) by extension 'colcon_pkg'
[0.115s] Level 1:colcon.colcon_core.package_identification:_identify(src/stm32) by extensions ['colcon_meta']
[0.115s] Level 1:colcon.colcon_core.package_identification:_identify(src/stm32) by extension 'colcon_meta'
[0.115s] Level 1:colcon.colcon_core.package_identification:_identify(src/stm32) by extensions ['ros']
[0.115s] Level 1:colcon.colcon_core.package_identification:_identify(src/stm32) by extension 'ros'
[0.115s] DEBUG:colcon.colcon_core.package_identification:Package 'src/stm32' with type 'ros.ament_python' and name 'stm32'
[0.115s] Level 1:colcon.colcon_core.package_discovery:discover_packages(recursive) using defaults
[0.115s] Level 1:colcon.colcon_core.package_discovery:discover_packages(ignore) discover
[0.115s] Level 1:colcon.colcon_core.package_discovery:discover_packages(ignore) using defaults
[0.115s] Level 1:colcon.colcon_core.package_discovery:discover_packages(path) discover
[0.115s] Level 1:colcon.colcon_core.package_discovery:discover_packages(path) using defaults
[0.127s] Level 1:colcon.colcon_core.package_discovery:discover_packages(prefix_path) check parameters
[0.127s] Level 1:colcon.colcon_core.package_discovery:discover_packages(prefix_path) discover
[0.129s] DEBUG:colcon.colcon_installed_package_information.package_discovery:Found 498 installed packages in /opt/ros/jazzy
[0.130s] Level 1:colcon.colcon_core.package_discovery:discover_packages(prefix_path) using defaults
[0.168s] Level 5:colcon.colcon_core.verb:set package 'delta2a_lidar' build argument 'cmake_args' from command line to 'None'
[0.168s] Level 5:colcon.colcon_core.verb:set package 'delta2a_lidar' build argument 'cmake_target' from command line to 'None'
[0.168s] Level 5:colcon.colcon_core.verb:set package 'delta2a_lidar' build argument 'cmake_target_skip_unavailable' from command line to 'False'
[0.168s] Level 5:colcon.colcon_core.verb:set package 'delta2a_lidar' build argument 'cmake_clean_cache' from command line to 'False'
[0.168s] Level 5:colcon.colcon_core.verb:set package 'delta2a_lidar' build argument 'cmake_clean_first' from command line to 'False'
[0.168s] Level 5:colcon.colcon_core.verb:set package 'delta2a_lidar' build argument 'cmake_force_configure' from command line to 'False'
[0.168s] Level 5:colcon.colcon_core.verb:set package 'delta2a_lidar' build argument 'ament_cmake_args' from command line to 'None'
[0.168s] Level 5:colcon.colcon_core.verb:set package 'delta2a_lidar' build argument 'catkin_cmake_args' from command line to 'None'
[0.168s] Level 5:colcon.colcon_core.verb:set package 'delta2a_lidar' build argument 'catkin_skip_building_tests' from command line to 'False'
[0.168s] DEBUG:colcon.colcon_core.verb:Building package 'delta2a_lidar' with the following arguments: {'ament_cmake_args': None, 'build_base': '/home/wh/ros2_mecanum/build/delta2a_lidar', 'catkin_cmake_args': None, 'catkin_skip_building_tests': False, 'cmake_args': None, 'cmake_clean_cache': False, 'cmake_clean_first': False, 'cmake_force_configure': False, 'cmake_target': None, 'cmake_target_skip_unavailable': False, 'install_base': '/home/wh/ros2_mecanum/install/delta2a_lidar', 'merge_install': False, 'path': '/home/wh/ros2_mecanum/src/delta2a_lidar/src/delta2a_lidar', 'symlink_install': False, 'test_result_base': None}
[0.169s] Level 5:colcon.colcon_core.verb:set package 'lidar' build argument 'cmake_args' from command line to 'None'
[0.169s] Level 5:colcon.colcon_core.verb:set package 'lidar' build argument 'cmake_target' from command line to 'None'
[0.169s] Level 5:colcon.colcon_core.verb:set package 'lidar' build argument 'cmake_target_skip_unavailable' from command line to 'False'
[0.169s] Level 5:colcon.colcon_core.verb:set package 'lidar' build argument 'cmake_clean_cache' from command line to 'False'
[0.169s] Level 5:colcon.colcon_core.verb:set package 'lidar' build argument 'cmake_clean_first' from command line to 'False'
[0.169s] Level 5:colcon.colcon_core.verb:set package 'lidar' build argument 'cmake_force_configure' from command line to 'False'
[0.169s] Level 5:colcon.colcon_core.verb:set package 'lidar' build argument 'ament_cmake_args' from command line to 'None'
[0.169s] Level 5:colcon.colcon_core.verb:set package 'lidar' build argument 'catkin_cmake_args' from command line to 'None'
[0.169s] Level 5:colcon.colcon_core.verb:set package 'lidar' build argument 'catkin_skip_building_tests' from command line to 'False'
[0.169s] DEBUG:colcon.colcon_core.verb:Building package 'lidar' with the following arguments: {'ament_cmake_args': None, 'build_base': '/home/wh/ros2_mecanum/build/lidar', 'catkin_cmake_args': None, 'catkin_skip_building_tests': False, 'cmake_args': None, 'cmake_clean_cache': False, 'cmake_clean_first': False, 'cmake_force_configure': False, 'cmake_target': None, 'cmake_target_skip_unavailable': False, 'install_base': '/home/wh/ros2_mecanum/install/lidar', 'merge_install': False, 'path': '/home/wh/ros2_mecanum/src/lidar', 'symlink_install': False, 'test_result_base': None}
[0.169s] Level 5:colcon.colcon_core.verb:set package 'sam_bot_odom_py' build argument 'cmake_args' from command line to 'None'
[0.169s] Level 5:colcon.colcon_core.verb:set package 'sam_bot_odom_py' build argument 'cmake_target' from command line to 'None'
[0.169s] Level 5:colcon.colcon_core.verb:set package 'sam_bot_odom_py' build argument 'cmake_target_skip_unavailable' from command line to 'False'
[0.169s] Level 5:colcon.colcon_core.verb:set package 'sam_bot_odom_py' build argument 'cmake_clean_cache' from command line to 'False'
[0.169s] Level 5:colcon.colcon_core.verb:set package 'sam_bot_odom_py' build argument 'cmake_clean_first' from command line to 'False'
[0.169s] Level 5:colcon.colcon_core.verb:set package 'sam_bot_odom_py' build argument 'cmake_force_configure' from command line to 'False'
[0.169s] Level 5:colcon.colcon_core.verb:set package 'sam_bot_odom_py' build argument 'ament_cmake_args' from command line to 'None'
[0.169s] Level 5:colcon.colcon_core.verb:set package 'sam_bot_odom_py' build argument 'catkin_cmake_args' from command line to 'None'
[0.169s] Level 5:colcon.colcon_core.verb:set package 'sam_bot_odom_py' build argument 'catkin_skip_building_tests' from command line to 'False'
[0.169s] DEBUG:colcon.colcon_core.verb:Building package 'sam_bot_odom_py' with the following arguments: {'ament_cmake_args': None, 'build_base': '/home/wh/ros2_mecanum/build/sam_bot_odom_py', 'catkin_cmake_args': None, 'catkin_skip_building_tests': False, 'cmake_args': None, 'cmake_clean_cache': False, 'cmake_clean_first': False, 'cmake_force_configure': False, 'cmake_target': None, 'cmake_target_skip_unavailable': False, 'install_base': '/home/wh/ros2_mecanum/install/sam_bot_odom_py', 'merge_install': False, 'path': '/home/wh/ros2_mecanum/src/sam_bot_odom_py', 'symlink_install': False, 'test_result_base': None}
[0.169s] Level 5:colcon.colcon_core.verb:set package 'stm32' build argument 'cmake_args' from command line to 'None'
[0.169s] Level 5:colcon.colcon_core.verb:set package 'stm32' build argument 'cmake_target' from command line to 'None'
[0.169s] Level 5:colcon.colcon_core.verb:set package 'stm32' build argument 'cmake_target_skip_unavailable' from command line to 'False'
[0.169s] Level 5:colcon.colcon_core.verb:set package 'stm32' build argument 'cmake_clean_cache' from command line to 'False'
[0.169s] Level 5:colcon.colcon_core.verb:set package 'stm32' build argument 'cmake_clean_first' from command line to 'False'
[0.169s] Level 5:colcon.colcon_core.verb:set package 'stm32' build argument 'cmake_force_configure' from command line to 'False'
[0.169s] Level 5:colcon.colcon_core.verb:set package 'stm32' build argument 'ament_cmake_args' from command line to 'None'
[0.169s] Level 5:colcon.colcon_core.verb:set package 'stm32' build argument 'catkin_cmake_args' from command line to 'None'
[0.169s] Level 5:colcon.colcon_core.verb:set package 'stm32' build argument 'catkin_skip_building_tests' from command line to 'False'
[0.169s] DEBUG:colcon.colcon_core.verb:Building package 'stm32' with the following arguments: {'ament_cmake_args': None, 'build_base': '/home/wh/ros2_mecanum/build/stm32', 'catkin_cmake_args': None, 'catkin_skip_building_tests': False, 'cmake_args': None, 'cmake_clean_cache': False, 'cmake_clean_first': False, 'cmake_force_configure': False, 'cmake_target': None, 'cmake_target_skip_unavailable': False, 'install_base': '/home/wh/ros2_mecanum/install/stm32', 'merge_install': False, 'path': '/home/wh/ros2_mecanum/src/stm32', 'symlink_install': False, 'test_result_base': None}
[0.169s] INFO:colcon.colcon_core.executor:Executing jobs using 'parallel' executor
[0.170s] DEBUG:colcon.colcon_parallel_executor.executor.parallel:run_until_complete
[0.170s] INFO:colcon.colcon_ros.task.ament_python.build:Building ROS package in '/home/wh/ros2_mecanum/src/delta2a_lidar/src/delta2a_lidar' with build type 'ament_python'
[0.170s] Level 1:colcon.colcon_core.shell:create_environment_hook('delta2a_lidar', 'ament_prefix_path')
[0.171s] INFO:colcon.colcon_core.plugin_system:Skipping extension 'colcon_core.shell.bat': Not used on non-Windows systems
[0.171s] INFO:colcon.colcon_core.shell:Creating environment hook '/home/wh/ros2_mecanum/install/delta2a_lidar/share/delta2a_lidar/hook/ament_prefix_path.ps1'
[0.172s] INFO:colcon.colcon_core.shell:Creating environment descriptor '/home/wh/ros2_mecanum/install/delta2a_lidar/share/delta2a_lidar/hook/ament_prefix_path.dsv'
[0.172s] INFO:colcon.colcon_core.shell:Creating environment hook '/home/wh/ros2_mecanum/install/delta2a_lidar/share/delta2a_lidar/hook/ament_prefix_path.sh'
[0.172s] INFO:colcon.colcon_core.shell:Skip shell extension 'powershell' for command environment: Not usable outside of PowerShell
[0.172s] DEBUG:colcon.colcon_core.shell:Skip shell extension 'dsv' for command environment
[0.175s] INFO:colcon.colcon_ros.task.ament_python.build:Building ROS package in '/home/wh/ros2_mecanum/src/lidar' with build type 'ament_python'
[0.175s] Level 1:colcon.colcon_core.shell:create_environment_hook('lidar', 'ament_prefix_path')
[0.175s] INFO:colcon.colcon_core.shell:Creating environment hook '/home/wh/ros2_mecanum/install/lidar/share/lidar/hook/ament_prefix_path.ps1'
[0.175s] INFO:colcon.colcon_core.shell:Creating environment descriptor '/home/wh/ros2_mecanum/install/lidar/share/lidar/hook/ament_prefix_path.dsv'
[0.175s] INFO:colcon.colcon_core.shell:Creating environment hook '/home/wh/ros2_mecanum/install/lidar/share/lidar/hook/ament_prefix_path.sh'
[0.176s] INFO:colcon.colcon_core.shell:Skip shell extension 'powershell' for command environment: Not usable outside of PowerShell
[0.176s] DEBUG:colcon.colcon_core.shell:Skip shell extension 'dsv' for command environment
[0.178s] INFO:colcon.colcon_ros.task.ament_python.build:Building ROS package in '/home/wh/ros2_mecanum/src/sam_bot_odom_py' with build type 'ament_python'
[0.178s] Level 1:colcon.colcon_core.shell:create_environment_hook('sam_bot_odom_py', 'ament_prefix_path')
[0.178s] INFO:colcon.colcon_core.shell:Creating environment hook '/home/wh/ros2_mecanum/install/sam_bot_odom_py/share/sam_bot_odom_py/hook/ament_prefix_path.ps1'
[0.178s] INFO:colcon.colcon_core.shell:Creating environment descriptor '/home/wh/ros2_mecanum/install/sam_bot_odom_py/share/sam_bot_odom_py/hook/ament_prefix_path.dsv'
[0.179s] INFO:colcon.colcon_core.shell:Creating environment hook '/home/wh/ros2_mecanum/install/sam_bot_odom_py/share/sam_bot_odom_py/hook/ament_prefix_path.sh'
[0.179s] INFO:colcon.colcon_core.shell:Skip shell extension 'powershell' for command environment: Not usable outside of PowerShell
[0.179s] DEBUG:colcon.colcon_core.shell:Skip shell extension 'dsv' for command environment
[0.181s] INFO:colcon.colcon_ros.task.ament_python.build:Building ROS package in '/home/wh/ros2_mecanum/src/stm32' with build type 'ament_python'
[0.181s] Level 1:colcon.colcon_core.shell:create_environment_hook('stm32', 'ament_prefix_path')
[0.181s] INFO:colcon.colcon_core.shell:Creating environment hook '/home/wh/ros2_mecanum/install/stm32/share/stm32/hook/ament_prefix_path.ps1'
[0.181s] INFO:colcon.colcon_core.shell:Creating environment descriptor '/home/wh/ros2_mecanum/install/stm32/share/stm32/hook/ament_prefix_path.dsv'
[0.182s] INFO:colcon.colcon_core.shell:Creating environment hook '/home/wh/ros2_mecanum/install/stm32/share/stm32/hook/ament_prefix_path.sh'
[0.182s] INFO:colcon.colcon_core.shell:Skip shell extension 'powershell' for command environment: Not usable outside of PowerShell
[0.182s] DEBUG:colcon.colcon_core.shell:Skip shell extension 'dsv' for command environment
[0.330s] INFO:colcon.colcon_core.task.python.build:Building Python package in '/home/wh/ros2_mecanum/src/delta2a_lidar/src/delta2a_lidar'
[0.330s] INFO:colcon.colcon_core.shell:Skip shell extension 'powershell' for command environment: Not usable outside of PowerShell
[0.330s] DEBUG:colcon.colcon_core.shell:Skip shell extension 'dsv' for command environment
[0.465s] INFO:colcon.colcon_core.task.python.build:Building Python package in '/home/wh/ros2_mecanum/src/lidar'
[0.465s] INFO:colcon.colcon_core.shell:Skip shell extension 'powershell' for command environment: Not usable outside of PowerShell
[0.465s] DEBUG:colcon.colcon_core.shell:Skip shell extension 'dsv' for command environment
[0.603s] INFO:colcon.colcon_core.task.python.build:Building Python package in '/home/wh/ros2_mecanum/src/sam_bot_odom_py'
[0.603s] INFO:colcon.colcon_core.shell:Skip shell extension 'powershell' for command environment: Not usable outside of PowerShell
[0.603s] DEBUG:colcon.colcon_core.shell:Skip shell extension 'dsv' for command environment
[0.746s] INFO:colcon.colcon_core.task.python.build:Building Python package in '/home/wh/ros2_mecanum/src/stm32'
[0.746s] INFO:colcon.colcon_core.shell:Skip shell extension 'powershell' for command environment: Not usable outside of PowerShell
[0.746s] DEBUG:colcon.colcon_core.shell:Skip shell extension 'dsv' for command environment
[1.123s] DEBUG:colcon.colcon_core.event_handler.log_command:Invoking command in '/home/wh/ros2_mecanum/src/lidar': DEBUGINFOD_URLS=https://debuginfod.ubuntu.com PYTHONPATH=/home/wh/ros2_mecanum/build/lidar/prefix_override:/usr/lib/python3/dist-packages/colcon_core/task/python/colcon_distutils_commands:/home/wh/ros2_mecanum/install/lidar/lib/python3.12/site-packages:${PYTHONPATH} /usr/bin/python3 -W ignore:setup.py install is deprecated -W ignore:easy_install command is deprecated setup.py egg_info --egg-base ../../build/lidar build --build-base /home/wh/ros2_mecanum/build/lidar/build install --record /home/wh/ros2_mecanum/build/lidar/install.log --single-version-externally-managed install_data
[1.134s] DEBUG:colcon.colcon_core.event_handler.log_command:Invoking command in '/home/wh/ros2_mecanum/src/delta2a_lidar/src/delta2a_lidar': DEBUGINFOD_URLS=https://debuginfod.ubuntu.com PYTHONPATH=/home/wh/ros2_mecanum/build/delta2a_lidar/prefix_override:/usr/lib/python3/dist-packages/colcon_core/task/python/colcon_distutils_commands:/home/wh/ros2_mecanum/install/delta2a_lidar/lib/python3.12/site-packages:${PYTHONPATH} /usr/bin/python3 -W ignore:setup.py install is deprecated -W ignore:easy_install command is deprecated setup.py egg_info --egg-base ../../../../build/delta2a_lidar build --build-base /home/wh/ros2_mecanum/build/delta2a_lidar/build install --record /home/wh/ros2_mecanum/build/delta2a_lidar/install.log --single-version-externally-managed install_data
[1.136s] DEBUG:colcon.colcon_core.event_handler.log_command:Invoking command in '/home/wh/ros2_mecanum/src/sam_bot_odom_py': DEBUGINFOD_URLS=https://debuginfod.ubuntu.com PYTHONPATH=/home/wh/ros2_mecanum/build/sam_bot_odom_py/prefix_override:/usr/lib/python3/dist-packages/colcon_core/task/python/colcon_distutils_commands:/home/wh/ros2_mecanum/install/sam_bot_odom_py/lib/python3.12/site-packages:${PYTHONPATH} /usr/bin/python3 -W ignore:setup.py install is deprecated -W ignore:easy_install command is deprecated setup.py egg_info --egg-base ../../build/sam_bot_odom_py build --build-base /home/wh/ros2_mecanum/build/sam_bot_odom_py/build install --record /home/wh/ros2_mecanum/build/sam_bot_odom_py/install.log --single-version-externally-managed install_data
[1.137s] DEBUG:colcon.colcon_core.event_handler.log_command:Invoking command in '/home/wh/ros2_mecanum/src/stm32': DEBUGINFOD_URLS=https://debuginfod.ubuntu.com PYTHONPATH=/home/wh/ros2_mecanum/build/stm32/prefix_override:/usr/lib/python3/dist-packages/colcon_core/task/python/colcon_distutils_commands:/home/wh/ros2_mecanum/install/stm32/lib/python3.12/site-packages:${PYTHONPATH} /usr/bin/python3 -W ignore:setup.py install is deprecated -W ignore:easy_install command is deprecated setup.py egg_info --egg-base ../../build/stm32 build --build-base /home/wh/ros2_mecanum/build/stm32/build install --record /home/wh/ros2_mecanum/build/stm32/install.log --single-version-externally-managed install_data
[1.464s] DEBUG:colcon.colcon_core.event_handler.log_command:Invoked command in '/home/wh/ros2_mecanum/src/lidar' returned '0': DEBUGINFOD_URLS=https://debuginfod.ubuntu.com PYTHONPATH=/home/wh/ros2_mecanum/build/lidar/prefix_override:/usr/lib/python3/dist-packages/colcon_core/task/python/colcon_distutils_commands:/home/wh/ros2_mecanum/install/lidar/lib/python3.12/site-packages:${PYTHONPATH} /usr/bin/python3 -W ignore:setup.py install is deprecated -W ignore:easy_install command is deprecated setup.py egg_info --egg-base ../../build/lidar build --build-base /home/wh/ros2_mecanum/build/lidar/build install --record /home/wh/ros2_mecanum/build/lidar/install.log --single-version-externally-managed install_data
[1.466s] Level 1:colcon.colcon_core.environment:checking '/home/wh/ros2_mecanum/install/lidar' for CMake module files
[1.466s] Level 1:colcon.colcon_core.environment:checking '/home/wh/ros2_mecanum/install/lidar' for CMake config files
[1.467s] Level 1:colcon.colcon_core.environment:checking '/home/wh/ros2_mecanum/install/lidar/lib'
[1.467s] Level 1:colcon.colcon_core.environment:checking '/home/wh/ros2_mecanum/install/lidar/bin'
[1.467s] Level 1:colcon.colcon_core.environment:checking '/home/wh/ros2_mecanum/install/lidar/lib/pkgconfig/lidar.pc'
[1.467s] Level 1:colcon.colcon_core.environment:checking '/home/wh/ros2_mecanum/install/lidar/lib/python3.12/site-packages'
[1.467s] Level 1:colcon.colcon_core.shell:create_environment_hook('lidar', 'pythonpath')
[1.467s] INFO:colcon.colcon_core.shell:Creating environment hook '/home/wh/ros2_mecanum/install/lidar/share/lidar/hook/pythonpath.ps1'
[1.467s] INFO:colcon.colcon_core.shell:Creating environment descriptor '/home/wh/ros2_mecanum/install/lidar/share/lidar/hook/pythonpath.dsv'
[1.468s] INFO:colcon.colcon_core.shell:Creating environment hook '/home/wh/ros2_mecanum/install/lidar/share/lidar/hook/pythonpath.sh'
[1.468s] Level 1:colcon.colcon_core.environment:checking '/home/wh/ros2_mecanum/install/lidar/bin'
[1.468s] Level 1:colcon.colcon_core.environment:create_environment_scripts_only(lidar)
[1.468s] INFO:colcon.colcon_core.shell:Creating package script '/home/wh/ros2_mecanum/install/lidar/share/lidar/package.ps1'
[1.469s] INFO:colcon.colcon_core.shell:Creating package descriptor '/home/wh/ros2_mecanum/install/lidar/share/lidar/package.dsv'
[1.469s] INFO:colcon.colcon_core.shell:Creating package script '/home/wh/ros2_mecanum/install/lidar/share/lidar/package.sh'
[1.470s] INFO:colcon.colcon_core.shell:Creating package script '/home/wh/ros2_mecanum/install/lidar/share/lidar/package.bash'
[1.470s] INFO:colcon.colcon_core.shell:Creating package script '/home/wh/ros2_mecanum/install/lidar/share/lidar/package.zsh'
[1.470s] Level 1:colcon.colcon_core.environment:create_file_with_runtime_dependencies(/home/wh/ros2_mecanum/install/lidar/share/colcon-core/packages/lidar)
[1.471s] Level 1:colcon.colcon_core.environment:checking '/home/wh/ros2_mecanum/install/delta2a_lidar' for CMake module files
[1.472s] DEBUG:colcon.colcon_core.event_handler.log_command:Invoked command in '/home/wh/ros2_mecanum/src/delta2a_lidar/src/delta2a_lidar' returned '0': DEBUGINFOD_URLS=https://debuginfod.ubuntu.com PYTHONPATH=/home/wh/ros2_mecanum/build/delta2a_lidar/prefix_override:/usr/lib/python3/dist-packages/colcon_core/task/python/colcon_distutils_commands:/home/wh/ros2_mecanum/install/delta2a_lidar/lib/python3.12/site-packages:${PYTHONPATH} /usr/bin/python3 -W ignore:setup.py install is deprecated -W ignore:easy_install command is deprecated setup.py egg_info --egg-base ../../../../build/delta2a_lidar build --build-base /home/wh/ros2_mecanum/build/delta2a_lidar/build install --record /home/wh/ros2_mecanum/build/delta2a_lidar/install.log --single-version-externally-managed install_data
[1.472s] Level 1:colcon.colcon_core.environment:checking '/home/wh/ros2_mecanum/install/delta2a_lidar' for CMake config files
[1.472s] Level 1:colcon.colcon_core.environment:checking '/home/wh/ros2_mecanum/install/delta2a_lidar/lib'
[1.472s] Level 1:colcon.colcon_core.environment:checking '/home/wh/ros2_mecanum/install/delta2a_lidar/bin'
[1.472s] Level 1:colcon.colcon_core.environment:checking '/home/wh/ros2_mecanum/install/delta2a_lidar/lib/pkgconfig/delta2a_lidar.pc'
[1.472s] Level 1:colcon.colcon_core.environment:checking '/home/wh/ros2_mecanum/install/delta2a_lidar/lib/python3.12/site-packages'
[1.473s] Level 1:colcon.colcon_core.shell:create_environment_hook('delta2a_lidar', 'pythonpath')
[1.473s] INFO:colcon.colcon_core.shell:Creating environment hook '/home/wh/ros2_mecanum/install/delta2a_lidar/share/delta2a_lidar/hook/pythonpath.ps1'
[1.473s] INFO:colcon.colcon_core.shell:Creating environment descriptor '/home/wh/ros2_mecanum/install/delta2a_lidar/share/delta2a_lidar/hook/pythonpath.dsv'
[1.473s] INFO:colcon.colcon_core.shell:Creating environment hook '/home/wh/ros2_mecanum/install/delta2a_lidar/share/delta2a_lidar/hook/pythonpath.sh'
[1.474s] Level 1:colcon.colcon_core.environment:checking '/home/wh/ros2_mecanum/install/delta2a_lidar/bin'
[1.474s] Level 1:colcon.colcon_core.environment:create_environment_scripts_only(delta2a_lidar)
[1.474s] INFO:colcon.colcon_core.shell:Creating package script '/home/wh/ros2_mecanum/install/delta2a_lidar/share/delta2a_lidar/package.ps1'
[1.474s] INFO:colcon.colcon_core.shell:Creating package descriptor '/home/wh/ros2_mecanum/install/delta2a_lidar/share/delta2a_lidar/package.dsv'
[1.475s] INFO:colcon.colcon_core.shell:Creating package script '/home/wh/ros2_mecanum/install/delta2a_lidar/share/delta2a_lidar/package.sh'
[1.475s] INFO:colcon.colcon_core.shell:Creating package script '/home/wh/ros2_mecanum/install/delta2a_lidar/share/delta2a_lidar/package.bash'
[1.475s] INFO:colcon.colcon_core.shell:Creating package script '/home/wh/ros2_mecanum/install/delta2a_lidar/share/delta2a_lidar/package.zsh'
[1.475s] Level 1:colcon.colcon_core.environment:create_file_with_runtime_dependencies(/home/wh/ros2_mecanum/install/delta2a_lidar/share/colcon-core/packages/delta2a_lidar)
[1.476s] Level 1:colcon.colcon_core.environment:checking '/home/wh/ros2_mecanum/install/sam_bot_odom_py' for CMake module files
[1.476s] DEBUG:colcon.colcon_core.event_handler.log_command:Invoked command in '/home/wh/ros2_mecanum/src/sam_bot_odom_py' returned '0': DEBUGINFOD_URLS=https://debuginfod.ubuntu.com PYTHONPATH=/home/wh/ros2_mecanum/build/sam_bot_odom_py/prefix_override:/usr/lib/python3/dist-packages/colcon_core/task/python/colcon_distutils_commands:/home/wh/ros2_mecanum/install/sam_bot_odom_py/lib/python3.12/site-packages:${PYTHONPATH} /usr/bin/python3 -W ignore:setup.py install is deprecated -W ignore:easy_install command is deprecated setup.py egg_info --egg-base ../../build/sam_bot_odom_py build --build-base /home/wh/ros2_mecanum/build/sam_bot_odom_py/build install --record /home/wh/ros2_mecanum/build/sam_bot_odom_py/install.log --single-version-externally-managed install_data
[1.476s] Level 1:colcon.colcon_core.environment:checking '/home/wh/ros2_mecanum/install/sam_bot_odom_py' for CMake config files
[1.477s] Level 1:colcon.colcon_core.environment:checking '/home/wh/ros2_mecanum/install/sam_bot_odom_py/lib'
[1.477s] Level 1:colcon.colcon_core.environment:checking '/home/wh/ros2_mecanum/install/sam_bot_odom_py/bin'
[1.477s] Level 1:colcon.colcon_core.environment:checking '/home/wh/ros2_mecanum/install/sam_bot_odom_py/lib/pkgconfig/sam_bot_odom_py.pc'
[1.477s] Level 1:colcon.colcon_core.environment:checking '/home/wh/ros2_mecanum/install/sam_bot_odom_py/lib/python3.12/site-packages'
[1.477s] Level 1:colcon.colcon_core.shell:create_environment_hook('sam_bot_odom_py', 'pythonpath')
[1.477s] INFO:colcon.colcon_core.shell:Creating environment hook '/home/wh/ros2_mecanum/install/sam_bot_odom_py/share/sam_bot_odom_py/hook/pythonpath.ps1'
[1.478s] INFO:colcon.colcon_core.shell:Creating environment descriptor '/home/wh/ros2_mecanum/install/sam_bot_odom_py/share/sam_bot_odom_py/hook/pythonpath.dsv'
[1.478s] INFO:colcon.colcon_core.shell:Creating environment hook '/home/wh/ros2_mecanum/install/sam_bot_odom_py/share/sam_bot_odom_py/hook/pythonpath.sh'
[1.478s] Level 1:colcon.colcon_core.environment:checking '/home/wh/ros2_mecanum/install/sam_bot_odom_py/bin'
[1.478s] Level 1:colcon.colcon_core.environment:create_environment_scripts_only(sam_bot_odom_py)
[1.478s] INFO:colcon.colcon_core.shell:Creating package script '/home/wh/ros2_mecanum/install/sam_bot_odom_py/share/sam_bot_odom_py/package.ps1'
[1.479s] INFO:colcon.colcon_core.shell:Creating package descriptor '/home/wh/ros2_mecanum/install/sam_bot_odom_py/share/sam_bot_odom_py/package.dsv'
[1.479s] INFO:colcon.colcon_core.shell:Creating package script '/home/wh/ros2_mecanum/install/sam_bot_odom_py/share/sam_bot_odom_py/package.sh'
[1.479s] INFO:colcon.colcon_core.shell:Creating package script '/home/wh/ros2_mecanum/install/sam_bot_odom_py/share/sam_bot_odom_py/package.bash'
[1.479s] INFO:colcon.colcon_core.shell:Creating package script '/home/wh/ros2_mecanum/install/sam_bot_odom_py/share/sam_bot_odom_py/package.zsh'
[1.480s] Level 1:colcon.colcon_core.environment:create_file_with_runtime_dependencies(/home/wh/ros2_mecanum/install/sam_bot_odom_py/share/colcon-core/packages/sam_bot_odom_py)
[1.480s] Level 1:colcon.colcon_core.environment:checking '/home/wh/ros2_mecanum/install/stm32' for CMake module files
[1.481s] DEBUG:colcon.colcon_core.event_handler.log_command:Invoked command in '/home/wh/ros2_mecanum/src/stm32' returned '0': DEBUGINFOD_URLS=https://debuginfod.ubuntu.com PYTHONPATH=/home/wh/ros2_mecanum/build/stm32/prefix_override:/usr/lib/python3/dist-packages/colcon_core/task/python/colcon_distutils_commands:/home/wh/ros2_mecanum/install/stm32/lib/python3.12/site-packages:${PYTHONPATH} /usr/bin/python3 -W ignore:setup.py install is deprecated -W ignore:easy_install command is deprecated setup.py egg_info --egg-base ../../build/stm32 build --build-base /home/wh/ros2_mecanum/build/stm32/build install --record /home/wh/ros2_mecanum/build/stm32/install.log --single-version-externally-managed install_data
[1.481s] Level 1:colcon.colcon_core.environment:checking '/home/wh/ros2_mecanum/install/stm32' for CMake config files
[1.481s] Level 1:colcon.colcon_core.environment:checking '/home/wh/ros2_mecanum/install/stm32/lib'
[1.481s] Level 1:colcon.colcon_core.environment:checking '/home/wh/ros2_mecanum/install/stm32/bin'
[1.481s] Level 1:colcon.colcon_core.environment:checking '/home/wh/ros2_mecanum/install/stm32/lib/pkgconfig/stm32.pc'
[1.481s] Level 1:colcon.colcon_core.environment:checking '/home/wh/ros2_mecanum/install/stm32/lib/python3.12/site-packages'
[1.482s] Level 1:colcon.colcon_core.shell:create_environment_hook('stm32', 'pythonpath')
[1.482s] INFO:colcon.colcon_core.shell:Creating environment hook '/home/wh/ros2_mecanum/install/stm32/share/stm32/hook/pythonpath.ps1'
[1.482s] INFO:colcon.colcon_core.shell:Creating environment descriptor '/home/wh/ros2_mecanum/install/stm32/share/stm32/hook/pythonpath.dsv'
[1.482s] INFO:colcon.colcon_core.shell:Creating environment hook '/home/wh/ros2_mecanum/install/stm32/share/stm32/hook/pythonpath.sh'
[1.483s] Level 1:colcon.colcon_core.environment:checking '/home/wh/ros2_mecanum/install/stm32/bin'
[1.483s] Level 1:colcon.colcon_core.environment:create_environment_scripts_only(stm32)
[1.483s] INFO:colcon.colcon_core.shell:Creating package script '/home/wh/ros2_mecanum/install/stm32/share/stm32/package.ps1'
[1.483s] INFO:colcon.colcon_core.shell:Creating package descriptor '/home/wh/ros2_mecanum/install/stm32/share/stm32/package.dsv'
[1.484s] INFO:colcon.colcon_core.shell:Creating package script '/home/wh/ros2_mecanum/install/stm32/share/stm32/package.sh'
[1.484s] INFO:colcon.colcon_core.shell:Creating package script '/home/wh/ros2_mecanum/install/stm32/share/stm32/package.bash'
[1.484s] INFO:colcon.colcon_core.shell:Creating package script '/home/wh/ros2_mecanum/install/stm32/share/stm32/package.zsh'
[1.484s] Level 1:colcon.colcon_core.environment:create_file_with_runtime_dependencies(/home/wh/ros2_mecanum/install/stm32/share/colcon-core/packages/stm32)
[1.484s] DEBUG:colcon.colcon_parallel_executor.executor.parallel:closing loop
[1.484s] DEBUG:colcon.colcon_parallel_executor.executor.parallel:loop closed
[1.485s] DEBUG:colcon.colcon_parallel_executor.executor.parallel:run_until_complete finished with '0'
[1.485s] DEBUG:colcon.colcon_core.event_reactor:joining thread
[1.488s] INFO:colcon.colcon_core.plugin_system:Skipping extension 'colcon_notification.desktop_notification.terminal_notifier': Not used on non-Darwin systems
[1.488s] INFO:colcon.colcon_core.plugin_system:Skipping extension 'colcon_notification.desktop_notification.win32': Not used on non-Windows systems
[1.488s] INFO:colcon.colcon_notification.desktop_notification:Sending desktop notification using 'notify2'
[1.497s] DEBUG:colcon.colcon_core.event_reactor:joined thread
[1.498s] INFO:colcon.colcon_core.shell:Creating prefix script '/home/wh/ros2_mecanum/install/local_setup.ps1'
[1.498s] INFO:colcon.colcon_core.shell:Creating prefix util module '/home/wh/ros2_mecanum/install/_local_setup_util_ps1.py'
[1.499s] INFO:colcon.colcon_core.shell:Creating prefix chain script '/home/wh/ros2_mecanum/install/setup.ps1'
[1.500s] INFO:colcon.colcon_core.shell:Creating prefix script '/home/wh/ros2_mecanum/install/local_setup.sh'
[1.500s] INFO:colcon.colcon_core.shell:Creating prefix util module '/home/wh/ros2_mecanum/install/_local_setup_util_sh.py'
[1.501s] INFO:colcon.colcon_core.shell:Creating prefix chain script '/home/wh/ros2_mecanum/install/setup.sh'
[1.502s] INFO:colcon.colcon_core.shell:Creating prefix script '/home/wh/ros2_mecanum/install/local_setup.bash'
[1.502s] INFO:colcon.colcon_core.shell:Creating prefix chain script '/home/wh/ros2_mecanum/install/setup.bash'
[1.503s] INFO:colcon.colcon_core.shell:Creating prefix script '/home/wh/ros2_mecanum/install/local_setup.zsh'
[1.503s] INFO:colcon.colcon_core.shell:Creating prefix chain script '/home/wh/ros2_mecanum/install/setup.zsh'
