[3.488s] Invoking command in '/home/wh/ros2_mecanum/src/stm32': DEBUGINFOD_URLS=https://debuginfod.ubuntu.com PYTHONPATH=/home/wh/ros2_mecanum/build/stm32/prefix_override:/usr/lib/python3/dist-packages/colcon_core/task/python/colcon_distutils_commands:/home/wh/ros2_mecanum/install/stm32/lib/python3.12/site-packages:${PYTHONPATH} /usr/bin/python3 -W ignore:setup.py install is deprecated -W ignore:easy_install command is deprecated setup.py egg_info --egg-base ../../build/stm32 build --build-base /home/wh/ros2_mecanum/build/stm32/build install --record /home/wh/ros2_mecanum/build/stm32/install.log --single-version-externally-managed install_data
[3.657s] running egg_info
[3.657s] creating ../../build/stm32/stm32.egg-info
[3.669s] writing ../../build/stm32/stm32.egg-info/PKG-INFO
[3.669s] writing dependency_links to ../../build/stm32/stm32.egg-info/dependency_links.txt
[3.669s] writing requirements to ../../build/stm32/stm32.egg-info/requires.txt
[3.669s] writing top-level names to ../../build/stm32/stm32.egg-info/top_level.txt
[3.669s] writing manifest file '../../build/stm32/stm32.egg-info/SOURCES.txt'
[3.692s] reading manifest file '../../build/stm32/stm32.egg-info/SOURCES.txt'
[3.692s] writing manifest file '../../build/stm32/stm32.egg-info/SOURCES.txt'
[3.692s] running build
[3.692s] running build_py
[3.692s] creating /home/wh/ros2_mecanum/build/stm32/build
[3.692s] creating /home/wh/ros2_mecanum/build/stm32/build/lib
[3.692s] creating /home/wh/ros2_mecanum/build/stm32/build/lib/stm32
[3.692s] copying stm32/__init__.py -> /home/wh/ros2_mecanum/build/stm32/build/lib/stm32
[3.692s] copying stm32/communication.py -> /home/wh/ros2_mecanum/build/stm32/build/lib/stm32
[3.693s] running install
[3.697s] running install_lib
[3.709s] creating /home/wh/ros2_mecanum/install/stm32/lib/python3.12/site-packages/stm32
[3.709s] copying /home/wh/ros2_mecanum/build/stm32/build/lib/stm32/__init__.py -> /home/wh/ros2_mecanum/install/stm32/lib/python3.12/site-packages/stm32
[3.709s] copying /home/wh/ros2_mecanum/build/stm32/build/lib/stm32/communication.py -> /home/wh/ros2_mecanum/install/stm32/lib/python3.12/site-packages/stm32
[3.709s] byte-compiling /home/wh/ros2_mecanum/install/stm32/lib/python3.12/site-packages/stm32/__init__.py to __init__.cpython-312.pyc
[3.709s] byte-compiling /home/wh/ros2_mecanum/install/stm32/lib/python3.12/site-packages/stm32/communication.py to communication.cpython-312.pyc
[3.710s] running install_data
[3.710s] creating /home/wh/ros2_mecanum/install/stm32/share/ament_index
[3.711s] creating /home/wh/ros2_mecanum/install/stm32/share/ament_index/resource_index
[3.711s] creating /home/wh/ros2_mecanum/install/stm32/share/ament_index/resource_index/packages
[3.711s] copying resource/stm32 -> /home/wh/ros2_mecanum/install/stm32/share/ament_index/resource_index/packages
[3.711s] copying package.xml -> /home/wh/ros2_mecanum/install/stm32/share/stm32
[3.711s] running install_egg_info
[3.723s] Copying ../../build/stm32/stm32.egg-info to /home/wh/ros2_mecanum/install/stm32/lib/python3.12/site-packages/stm32-0.0.0-py3.12.egg-info
[3.724s] running install_scripts
[3.804s] writing list of installed files to '/home/wh/ros2_mecanum/build/stm32/install.log'
[3.824s] Invoked command in '/home/wh/ros2_mecanum/src/stm32' returned '0': DEBUGINFOD_URLS=https://debuginfod.ubuntu.com PYTHONPATH=/home/wh/ros2_mecanum/build/stm32/prefix_override:/usr/lib/python3/dist-packages/colcon_core/task/python/colcon_distutils_commands:/home/wh/ros2_mecanum/install/stm32/lib/python3.12/site-packages:${PYTHONPATH} /usr/bin/python3 -W ignore:setup.py install is deprecated -W ignore:easy_install command is deprecated setup.py egg_info --egg-base ../../build/stm32 build --build-base /home/wh/ros2_mecanum/build/stm32/build install --record /home/wh/ros2_mecanum/build/stm32/install.log --single-version-externally-managed install_data
