[0.964s] Invoking command in '/home/wh/ros2_mecanum/src/delta2a_lidar/src/delta2a_lidar': DEBUGINFOD_URLS=https://debuginfod.ubuntu.com PYTHONPATH=/home/wh/ros2_mecanum/build/delta2a_lidar/prefix_override:/usr/lib/python3/dist-packages/colcon_core/task/python/colcon_distutils_commands:/home/wh/ros2_mecanum/install/delta2a_lidar/lib/python3.12/site-packages:${PYTHONPATH} /usr/bin/python3 -W ignore:setup.py install is deprecated -W ignore:easy_install command is deprecated setup.py egg_info --egg-base ../../../../build/delta2a_lidar build --build-base /home/wh/ros2_mecanum/build/delta2a_lidar/build install --record /home/wh/ros2_mecanum/build/delta2a_lidar/install.log --single-version-externally-managed install_data
[1.124s] running egg_info
[1.137s] writing ../../../../build/delta2a_lidar/delta2a_lidar.egg-info/PKG-INFO
[1.137s] writing dependency_links to ../../../../build/delta2a_lidar/delta2a_lidar.egg-info/dependency_links.txt
[1.137s] writing entry points to ../../../../build/delta2a_lidar/delta2a_lidar.egg-info/entry_points.txt
[1.137s] writing requirements to ../../../../build/delta2a_lidar/delta2a_lidar.egg-info/requires.txt
[1.137s] writing top-level names to ../../../../build/delta2a_lidar/delta2a_lidar.egg-info/top_level.txt
[1.161s] reading manifest file '../../../../build/delta2a_lidar/delta2a_lidar.egg-info/SOURCES.txt'
[1.161s] writing manifest file '../../../../build/delta2a_lidar/delta2a_lidar.egg-info/SOURCES.txt'
[1.162s] running build
[1.162s] running build_py
[1.162s] running install
[1.166s] running install_lib
[1.178s] running install_data
[1.178s] running install_egg_info
[1.191s] removing '/home/wh/ros2_mecanum/install/delta2a_lidar/lib/python3.12/site-packages/delta2a_lidar-0.1.0-py3.12.egg-info' (and everything under it)
[1.191s] Copying ../../../../build/delta2a_lidar/delta2a_lidar.egg-info to /home/wh/ros2_mecanum/install/delta2a_lidar/lib/python3.12/site-packages/delta2a_lidar-0.1.0-py3.12.egg-info
[1.191s] running install_scripts
[1.272s] Installing lidar_node script to /home/wh/ros2_mecanum/install/delta2a_lidar/lib/delta2a_lidar
[1.272s] writing list of installed files to '/home/wh/ros2_mecanum/build/delta2a_lidar/install.log'
[1.301s] Invoked command in '/home/wh/ros2_mecanum/src/delta2a_lidar/src/delta2a_lidar' returned '0': DEBUGINFOD_URLS=https://debuginfod.ubuntu.com PYTHONPATH=/home/wh/ros2_mecanum/build/delta2a_lidar/prefix_override:/usr/lib/python3/dist-packages/colcon_core/task/python/colcon_distutils_commands:/home/wh/ros2_mecanum/install/delta2a_lidar/lib/python3.12/site-packages:${PYTHONPATH} /usr/bin/python3 -W ignore:setup.py install is deprecated -W ignore:easy_install command is deprecated setup.py egg_info --egg-base ../../../../build/delta2a_lidar build --build-base /home/wh/ros2_mecanum/build/delta2a_lidar/build install --record /home/wh/ros2_mecanum/build/delta2a_lidar/install.log --single-version-externally-managed install_data
