[3.309s] Invoking command in '/home/wh/ros2_mecanum/src/sam_bot_odom_py': DEBUGINFOD_URLS=https://debuginfod.ubuntu.com PYTHONPATH=/home/wh/ros2_mecanum/build/sam_bot_odom_py/prefix_override:/usr/lib/python3/dist-packages/colcon_core/task/python/colcon_distutils_commands:/home/wh/ros2_mecanum/install/sam_bot_odom_py/lib/python3.12/site-packages:${PYTHONPATH} /usr/bin/python3 -W ignore:setup.py install is deprecated -W ignore:easy_install command is deprecated setup.py egg_info --egg-base ../../build/sam_bot_odom_py build --build-base /home/wh/ros2_mecanum/build/sam_bot_odom_py/build install --record /home/wh/ros2_mecanum/build/sam_bot_odom_py/install.log --single-version-externally-managed install_data
[3.492s] running egg_info
[3.504s] writing ../../build/sam_bot_odom_py/sam_bot_odom_py.egg-info/PKG-INFO
[3.504s] writing dependency_links to ../../build/sam_bot_odom_py/sam_bot_odom_py.egg-info/dependency_links.txt
[3.504s] writing entry points to ../../build/sam_bot_odom_py/sam_bot_odom_py.egg-info/entry_points.txt
[3.504s] writing requirements to ../../build/sam_bot_odom_py/sam_bot_odom_py.egg-info/requires.txt
[3.504s] writing top-level names to ../../build/sam_bot_odom_py/sam_bot_odom_py.egg-info/top_level.txt
[3.528s] reading manifest file '../../build/sam_bot_odom_py/sam_bot_odom_py.egg-info/SOURCES.txt'
[3.528s] writing manifest file '../../build/sam_bot_odom_py/sam_bot_odom_py.egg-info/SOURCES.txt'
[3.528s] running build
[3.528s] running build_py
[3.528s] running install
[3.533s] running install_lib
[3.544s] running install_data
[3.544s] copying launch/sam_bot_odom.launch.py -> /home/wh/ros2_mecanum/install/sam_bot_odom_py/share/sam_bot_odom_py/launch
[3.545s] running install_egg_info
[3.557s] removing '/home/wh/ros2_mecanum/install/sam_bot_odom_py/lib/python3.12/site-packages/sam_bot_odom_py-0.0.0-py3.12.egg-info' (and everything under it)
[3.557s] Copying ../../build/sam_bot_odom_py/sam_bot_odom_py.egg-info to /home/wh/ros2_mecanum/install/sam_bot_odom_py/lib/python3.12/site-packages/sam_bot_odom_py-0.0.0-py3.12.egg-info
[3.557s] running install_scripts
[3.636s] Installing OdometryNode script to /home/wh/ros2_mecanum/install/sam_bot_odom_py/lib/sam_bot_odom_py
[3.637s] writing list of installed files to '/home/wh/ros2_mecanum/build/sam_bot_odom_py/install.log'
[3.670s] Invoked command in '/home/wh/ros2_mecanum/src/sam_bot_odom_py' returned '0': DEBUGINFOD_URLS=https://debuginfod.ubuntu.com PYTHONPATH=/home/wh/ros2_mecanum/build/sam_bot_odom_py/prefix_override:/usr/lib/python3/dist-packages/colcon_core/task/python/colcon_distutils_commands:/home/wh/ros2_mecanum/install/sam_bot_odom_py/lib/python3.12/site-packages:${PYTHONPATH} /usr/bin/python3 -W ignore:setup.py install is deprecated -W ignore:easy_install command is deprecated setup.py egg_info --egg-base ../../build/sam_bot_odom_py build --build-base /home/wh/ros2_mecanum/build/sam_bot_odom_py/build install --record /home/wh/ros2_mecanum/build/sam_bot_odom_py/install.log --single-version-externally-managed install_data
