/home/jjx/test1/ros2_mecanum/install/sam_bot_odom_py/lib/python3.12/site-packages/sam_bot_odom_py/OdometryNode.py
/home/jjx/test1/ros2_mecanum/install/sam_bot_odom_py/lib/python3.12/site-packages/sam_bot_odom_py/__init__.py
/home/jjx/test1/ros2_mecanum/install/sam_bot_odom_py/lib/python3.12/site-packages/sam_bot_odom_py/__pycache__/OdometryNode.cpython-312.pyc
/home/jjx/test1/ros2_mecanum/install/sam_bot_odom_py/lib/python3.12/site-packages/sam_bot_odom_py/__pycache__/__init__.cpython-312.pyc
/home/jjx/test1/ros2_mecanum/install/sam_bot_odom_py/share/ament_index/resource_index/packages/sam_bot_odom_py
/home/jjx/test1/ros2_mecanum/install/sam_bot_odom_py/share/sam_bot_odom_py/package.xml
/home/jjx/test1/ros2_mecanum/install/sam_bot_odom_py/share/sam_bot_odom_py/launch/sam_bot_odom.launch.py
/home/jjx/test1/ros2_mecanum/install/sam_bot_odom_py/share/sam_bot_odom_py/launch/display.launch.py
/home/jjx/test1/ros2_mecanum/install/sam_bot_odom_py/share/sam_bot_odom_py/config/ekf.yaml
/home/jjx/test1/ros2_mecanum/install/sam_bot_odom_py/share/sam_bot_odom_py/config/laser_filter_chain.yaml
/home/jjx/test1/ros2_mecanum/install/sam_bot_odom_py/share/sam_bot_odom_py/config/mapper_params_online_async.yaml
/home/jjx/test1/ros2_mecanum/install/sam_bot_odom_py/share/sam_bot_odom_py/config/rviz.rviz
/home/jjx/test1/ros2_mecanum/install/sam_bot_odom_py/share/sam_bot_odom_py/urdf/sam_bot.urdf
/home/jjx/test1/ros2_mecanum/install/sam_bot_odom_py/lib/python3.12/site-packages/sam_bot_odom_py-0.0.0-py3.12.egg-info/dependency_links.txt
/home/jjx/test1/ros2_mecanum/install/sam_bot_odom_py/lib/python3.12/site-packages/sam_bot_odom_py-0.0.0-py3.12.egg-info/zip-safe
/home/jjx/test1/ros2_mecanum/install/sam_bot_odom_py/lib/python3.12/site-packages/sam_bot_odom_py-0.0.0-py3.12.egg-info/top_level.txt
/home/jjx/test1/ros2_mecanum/install/sam_bot_odom_py/lib/python3.12/site-packages/sam_bot_odom_py-0.0.0-py3.12.egg-info/entry_points.txt
/home/jjx/test1/ros2_mecanum/install/sam_bot_odom_py/lib/python3.12/site-packages/sam_bot_odom_py-0.0.0-py3.12.egg-info/SOURCES.txt
/home/jjx/test1/ros2_mecanum/install/sam_bot_odom_py/lib/python3.12/site-packages/sam_bot_odom_py-0.0.0-py3.12.egg-info/PKG-INFO
/home/jjx/test1/ros2_mecanum/install/sam_bot_odom_py/lib/python3.12/site-packages/sam_bot_odom_py-0.0.0-py3.12.egg-info/requires.txt
/home/jjx/test1/ros2_mecanum/install/sam_bot_odom_py/lib/sam_bot_odom_py/OdometryNode
