running egg_info
creating ../../../../build/delta2a_lidar/delta2a_lidar.egg-info
writing ../../../../build/delta2a_lidar/delta2a_lidar.egg-info/PKG-INFO
writing dependency_links to ../../../../build/delta2a_lidar/delta2a_lidar.egg-info/dependency_links.txt
writing entry points to ../../../../build/delta2a_lidar/delta2a_lidar.egg-info/entry_points.txt
writing requirements to ../../../../build/delta2a_lidar/delta2a_lidar.egg-info/requires.txt
writing top-level names to ../../../../build/delta2a_lidar/delta2a_lidar.egg-info/top_level.txt
writing manifest file '../../../../build/delta2a_lidar/delta2a_lidar.egg-info/SOURCES.txt'
reading manifest file '../../../../build/delta2a_lidar/delta2a_lidar.egg-info/SOURCES.txt'
writing manifest file '../../../../build/delta2a_lidar/delta2a_lidar.egg-info/SOURCES.txt'
running build
running build_py
creating /home/wh/ros2_mecanum/build/delta2a_lidar/build
creating /home/wh/ros2_mecanum/build/delta2a_lidar/build/lib
creating /home/wh/ros2_mecanum/build/delta2a_lidar/build/lib/delta2a_lidar
copying delta2a_lidar/lidar_node.py -> /home/wh/ros2_mecanum/build/delta2a_lidar/build/lib/delta2a_lidar
copying delta2a_lidar/__init__.py -> /home/wh/ros2_mecanum/build/delta2a_lidar/build/lib/delta2a_lidar
running install
running install_lib
creating /home/wh/ros2_mecanum/install/delta2a_lidar/lib/python3.12/site-packages/delta2a_lidar
copying /home/wh/ros2_mecanum/build/delta2a_lidar/build/lib/delta2a_lidar/lidar_node.py -> /home/wh/ros2_mecanum/install/delta2a_lidar/lib/python3.12/site-packages/delta2a_lidar
copying /home/wh/ros2_mecanum/build/delta2a_lidar/build/lib/delta2a_lidar/__init__.py -> /home/wh/ros2_mecanum/install/delta2a_lidar/lib/python3.12/site-packages/delta2a_lidar
byte-compiling /home/wh/ros2_mecanum/install/delta2a_lidar/lib/python3.12/site-packages/delta2a_lidar/lidar_node.py to lidar_node.cpython-312.pyc
byte-compiling /home/wh/ros2_mecanum/install/delta2a_lidar/lib/python3.12/site-packages/delta2a_lidar/__init__.py to __init__.cpython-312.pyc
running install_data
creating /home/wh/ros2_mecanum/install/delta2a_lidar/share/ament_index
creating /home/wh/ros2_mecanum/install/delta2a_lidar/share/ament_index/resource_index
creating /home/wh/ros2_mecanum/install/delta2a_lidar/share/ament_index/resource_index/packages
copying resource/delta2a_lidar -> /home/wh/ros2_mecanum/install/delta2a_lidar/share/ament_index/resource_index/packages
copying package.xml -> /home/wh/ros2_mecanum/install/delta2a_lidar/share/delta2a_lidar
creating /home/wh/ros2_mecanum/install/delta2a_lidar/share/delta2a_lidar/launch
copying launch/lidar.launch.py -> /home/wh/ros2_mecanum/install/delta2a_lidar/share/delta2a_lidar/launch
running install_egg_info
Copying ../../../../build/delta2a_lidar/delta2a_lidar.egg-info to /home/wh/ros2_mecanum/install/delta2a_lidar/lib/python3.12/site-packages/delta2a_lidar-0.1.0-py3.12.egg-info
running install_scripts
Installing lidar_node script to /home/wh/ros2_mecanum/install/delta2a_lidar/lib/delta2a_lidar
writing list of installed files to '/home/wh/ros2_mecanum/build/delta2a_lidar/install.log'
