running egg_info
creating ../../build/lidar/lidar.egg-info
writing ../../build/lidar/lidar.egg-info/PKG-INFO
writing dependency_links to ../../build/lidar/lidar.egg-info/dependency_links.txt
writing requirements to ../../build/lidar/lidar.egg-info/requires.txt
writing top-level names to ../../build/lidar/lidar.egg-info/top_level.txt
writing manifest file '../../build/lidar/lidar.egg-info/SOURCES.txt'
reading manifest file '../../build/lidar/lidar.egg-info/SOURCES.txt'
writing manifest file '../../build/lidar/lidar.egg-info/SOURCES.txt'
running build
running build_py
creating /home/wh/ros2_mecanum/build/lidar/build
creating /home/wh/ros2_mecanum/build/lidar/build/lib
creating /home/wh/ros2_mecanum/build/lidar/build/lib/lidar
copying lidar/lidar_node.py -> /home/wh/ros2_mecanum/build/lidar/build/lib/lidar
copying lidar/__init__.py -> /home/wh/ros2_mecanum/build/lidar/build/lib/lidar
running install
running install_lib
creating /home/wh/ros2_mecanum/install/lidar/lib/python3.12/site-packages/lidar
copying /home/wh/ros2_mecanum/build/lidar/build/lib/lidar/lidar_node.py -> /home/wh/ros2_mecanum/install/lidar/lib/python3.12/site-packages/lidar
copying /home/wh/ros2_mecanum/build/lidar/build/lib/lidar/__init__.py -> /home/wh/ros2_mecanum/install/lidar/lib/python3.12/site-packages/lidar
byte-compiling /home/wh/ros2_mecanum/install/lidar/lib/python3.12/site-packages/lidar/lidar_node.py to lidar_node.cpython-312.pyc
byte-compiling /home/wh/ros2_mecanum/install/lidar/lib/python3.12/site-packages/lidar/__init__.py to __init__.cpython-312.pyc
running install_data
creating /home/wh/ros2_mecanum/install/lidar/share/ament_index
creating /home/wh/ros2_mecanum/install/lidar/share/ament_index/resource_index
creating /home/wh/ros2_mecanum/install/lidar/share/ament_index/resource_index/packages
copying resource/lidar -> /home/wh/ros2_mecanum/install/lidar/share/ament_index/resource_index/packages
copying package.xml -> /home/wh/ros2_mecanum/install/lidar/share/lidar
running install_egg_info
Copying ../../build/lidar/lidar.egg-info to /home/wh/ros2_mecanum/install/lidar/lib/python3.12/site-packages/lidar-0.0.0-py3.12.egg-info
running install_scripts
writing list of installed files to '/home/wh/ros2_mecanum/build/lidar/install.log'
