/home/jjx/test1/ros2_mecanum/install/sam_bot_nav/lib/python3.12/site-packages/sam_bot_nav/__init__.py
/home/jjx/test1/ros2_mecanum/install/sam_bot_nav/lib/python3.12/site-packages/sam_bot_nav/nav_node.py
/home/jjx/test1/ros2_mecanum/install/sam_bot_nav/lib/python3.12/site-packages/sam_bot_nav/__pycache__/__init__.cpython-312.pyc
/home/jjx/test1/ros2_mecanum/install/sam_bot_nav/lib/python3.12/site-packages/sam_bot_nav/__pycache__/nav_node.cpython-312.pyc
/home/jjx/test1/ros2_mecanum/install/sam_bot_nav/share/ament_index/resource_index/packages/sam_bot_nav
/home/jjx/test1/ros2_mecanum/install/sam_bot_nav/share/sam_bot_nav/package.xml
/home/jjx/test1/ros2_mecanum/install/sam_bot_nav/share/sam_bot_nav/launch/sam_bot_nav2.launch.py
/home/jjx/test1/ros2_mecanum/install/sam_bot_nav/share/sam_bot_nav/map/room.yaml
/home/jjx/test1/ros2_mecanum/install/sam_bot_nav/share/sam_bot_nav/map/room2.pgm
/home/jjx/test1/ros2_mecanum/install/sam_bot_nav/share/sam_bot_nav/map/room.pgm
/home/jjx/test1/ros2_mecanum/install/sam_bot_nav/share/sam_bot_nav/map/room2.yaml
/home/jjx/test1/ros2_mecanum/install/sam_bot_nav/share/sam_bot_nav/config/nav2_params.yaml
/home/jjx/test1/ros2_mecanum/install/sam_bot_nav/lib/python3.12/site-packages/sam_bot_nav-0.0.0-py3.12.egg-info/dependency_links.txt
/home/jjx/test1/ros2_mecanum/install/sam_bot_nav/lib/python3.12/site-packages/sam_bot_nav-0.0.0-py3.12.egg-info/zip-safe
/home/jjx/test1/ros2_mecanum/install/sam_bot_nav/lib/python3.12/site-packages/sam_bot_nav-0.0.0-py3.12.egg-info/top_level.txt
/home/jjx/test1/ros2_mecanum/install/sam_bot_nav/lib/python3.12/site-packages/sam_bot_nav-0.0.0-py3.12.egg-info/entry_points.txt
/home/jjx/test1/ros2_mecanum/install/sam_bot_nav/lib/python3.12/site-packages/sam_bot_nav-0.0.0-py3.12.egg-info/SOURCES.txt
/home/jjx/test1/ros2_mecanum/install/sam_bot_nav/lib/python3.12/site-packages/sam_bot_nav-0.0.0-py3.12.egg-info/PKG-INFO
/home/jjx/test1/ros2_mecanum/install/sam_bot_nav/lib/python3.12/site-packages/sam_bot_nav-0.0.0-py3.12.egg-info/requires.txt
/home/jjx/test1/ros2_mecanum/install/sam_bot_nav/lib/sam_bot_nav/nav_node
