[1.074s] DEBUG:colcon:Command line arguments: ['/usr/bin/colcon', 'build']
[1.074s] DEBUG:colcon:Parsed command line arguments: Namespace(log_base=None, log_level=None, verb_name='build', build_base='build', install_base='install', merge_install=False, symlink_install=False, test_result_base=None, continue_on_error=False, executor='parallel', parallel_workers=12, event_handlers=None, ignore_user_meta=False, metas=['./colcon.meta'], base_paths=['.'], packages_ignore=None, packages_ignore_regex=None, paths=None, packages_up_to=None, packages_up_to_regex=None, packages_above=None, packages_above_and_dependencies=None, packages_above_depth=None, packages_select_by_dep=None, packages_skip_by_dep=None, packages_skip_up_to=None, packages_select_build_failed=False, packages_skip_build_finished=False, packages_select_test_failures=False, packages_skip_test_passed=False, packages_select=None, packages_skip=None, packages_select_regex=None, packages_skip_regex=None, packages_start=None, packages_end=None, allow_overriding=[], cmake_args=None, cmake_target=None, cmake_target_skip_unavailable=False, cmake_clean_cache=False, cmake_clean_first=False, cmake_force_configure=False, ament_cmake_args=None, catkin_cmake_args=None, catkin_skip_building_tests=False, verb_parser=<colcon_defaults.argument_parser.defaults.DefaultArgumentsDecorator object at 0x7dae49e4aea0>, verb_extension=<colcon_core.verb.build.BuildVerb object at 0x7dae49e23b90>, main=<bound method BuildVerb.main of <colcon_core.verb.build.BuildVerb object at 0x7dae49e23b90>>)
[1.262s] Level 1:colcon.colcon_core.package_discovery:discover_packages(colcon_meta) check parameters
[1.263s] Level 1:colcon.colcon_core.package_discovery:discover_packages(recursive) check parameters
[1.263s] Level 1:colcon.colcon_core.package_discovery:discover_packages(ignore) check parameters
[1.263s] Level 1:colcon.colcon_core.package_discovery:discover_packages(path) check parameters
[1.263s] Level 1:colcon.colcon_core.package_discovery:discover_packages(colcon_meta) discover
[1.263s] Level 1:colcon.colcon_core.package_discovery:discover_packages(recursive) discover
[1.263s] INFO:colcon.colcon_core.package_discovery:Crawling recursively for packages in '/home/wh/ros2_mecanum'
[1.263s] Level 1:colcon.colcon_core.package_identification:_identify(.) by extensions ['ignore', 'ignore_ament_install']
[1.263s] Level 1:colcon.colcon_core.package_identification:_identify(.) by extension 'ignore'
[1.263s] Level 1:colcon.colcon_core.package_identification:_identify(.) by extension 'ignore_ament_install'
[1.263s] Level 1:colcon.colcon_core.package_identification:_identify(.) by extensions ['colcon_pkg']
[1.263s] Level 1:colcon.colcon_core.package_identification:_identify(.) by extension 'colcon_pkg'
[1.263s] Level 1:colcon.colcon_core.package_identification:_identify(.) by extensions ['colcon_meta']
[1.263s] Level 1:colcon.colcon_core.package_identification:_identify(.) by extension 'colcon_meta'
[1.263s] Level 1:colcon.colcon_core.package_identification:_identify(.) by extensions ['ros']
[1.263s] Level 1:colcon.colcon_core.package_identification:_identify(.) by extension 'ros'
[1.302s] Level 1:colcon.colcon_core.package_identification:_identify(.) by extensions ['cmake', 'python']
[1.302s] Level 1:colcon.colcon_core.package_identification:_identify(.) by extension 'cmake'
[1.302s] Level 1:colcon.colcon_core.package_identification:_identify(.) by extension 'python'
[1.302s] Level 1:colcon.colcon_core.package_identification:_identify(.) by extensions ['python_setup_py']
[1.302s] Level 1:colcon.colcon_core.package_identification:_identify(.) by extension 'python_setup_py'
[1.302s] Level 1:colcon.colcon_core.package_identification:_identify(build) by extensions ['ignore', 'ignore_ament_install']
[1.303s] Level 1:colcon.colcon_core.package_identification:_identify(build) by extension 'ignore'
[1.303s] Level 1:colcon.colcon_core.package_identification:_identify(build) ignored
[1.303s] Level 1:colcon.colcon_core.package_identification:_identify(install) by extensions ['ignore', 'ignore_ament_install']
[1.303s] Level 1:colcon.colcon_core.package_identification:_identify(install) by extension 'ignore'
[1.303s] Level 1:colcon.colcon_core.package_identification:_identify(install) ignored
[1.303s] Level 1:colcon.colcon_core.package_identification:_identify(log) by extensions ['ignore', 'ignore_ament_install']
[1.303s] Level 1:colcon.colcon_core.package_identification:_identify(log) by extension 'ignore'
[1.303s] Level 1:colcon.colcon_core.package_identification:_identify(log) ignored
[1.303s] Level 1:colcon.colcon_core.package_identification:_identify(src) by extensions ['ignore', 'ignore_ament_install']
[1.303s] Level 1:colcon.colcon_core.package_identification:_identify(src) by extension 'ignore'
[1.303s] Level 1:colcon.colcon_core.package_identification:_identify(src) by extension 'ignore_ament_install'
[1.303s] Level 1:colcon.colcon_core.package_identification:_identify(src) by extensions ['colcon_pkg']
[1.303s] Level 1:colcon.colcon_core.package_identification:_identify(src) by extension 'colcon_pkg'
[1.303s] Level 1:colcon.colcon_core.package_identification:_identify(src) by extensions ['colcon_meta']
[1.303s] Level 1:colcon.colcon_core.package_identification:_identify(src) by extension 'colcon_meta'
[1.303s] Level 1:colcon.colcon_core.package_identification:_identify(src) by extensions ['ros']
[1.303s] Level 1:colcon.colcon_core.package_identification:_identify(src) by extension 'ros'
[1.303s] Level 1:colcon.colcon_core.package_identification:_identify(src) by extensions ['cmake', 'python']
[1.303s] Level 1:colcon.colcon_core.package_identification:_identify(src) by extension 'cmake'
[1.303s] Level 1:colcon.colcon_core.package_identification:_identify(src) by extension 'python'
[1.303s] Level 1:colcon.colcon_core.package_identification:_identify(src) by extensions ['python_setup_py']
[1.303s] Level 1:colcon.colcon_core.package_identification:_identify(src) by extension 'python_setup_py'
[1.303s] Level 1:colcon.colcon_core.package_identification:_identify(src/lidar) by extensions ['ignore', 'ignore_ament_install']
[1.303s] Level 1:colcon.colcon_core.package_identification:_identify(src/lidar) by extension 'ignore'
[1.303s] Level 1:colcon.colcon_core.package_identification:_identify(src/lidar) by extension 'ignore_ament_install'
[1.303s] Level 1:colcon.colcon_core.package_identification:_identify(src/lidar) by extensions ['colcon_pkg']
[1.303s] Level 1:colcon.colcon_core.package_identification:_identify(src/lidar) by extension 'colcon_pkg'
[1.303s] Level 1:colcon.colcon_core.package_identification:_identify(src/lidar) by extensions ['colcon_meta']
[1.303s] Level 1:colcon.colcon_core.package_identification:_identify(src/lidar) by extension 'colcon_meta'
[1.303s] Level 1:colcon.colcon_core.package_identification:_identify(src/lidar) by extensions ['ros']
[1.304s] Level 1:colcon.colcon_core.package_identification:_identify(src/lidar) by extension 'ros'
[1.316s] DEBUG:colcon.colcon_core.package_identification:Package 'src/lidar' with type 'ros.ament_python' and name 'lidar'
[1.316s] Level 1:colcon.colcon_core.package_identification:_identify(src/sam_bot_nav) by extensions ['ignore', 'ignore_ament_install']
[1.316s] Level 1:colcon.colcon_core.package_identification:_identify(src/sam_bot_nav) by extension 'ignore'
[1.316s] Level 1:colcon.colcon_core.package_identification:_identify(src/sam_bot_nav) by extension 'ignore_ament_install'
[1.316s] Level 1:colcon.colcon_core.package_identification:_identify(src/sam_bot_nav) by extensions ['colcon_pkg']
[1.316s] Level 1:colcon.colcon_core.package_identification:_identify(src/sam_bot_nav) by extension 'colcon_pkg'
[1.316s] Level 1:colcon.colcon_core.package_identification:_identify(src/sam_bot_nav) by extensions ['colcon_meta']
[1.316s] Level 1:colcon.colcon_core.package_identification:_identify(src/sam_bot_nav) by extension 'colcon_meta'
[1.316s] Level 1:colcon.colcon_core.package_identification:_identify(src/sam_bot_nav) by extensions ['ros']
[1.316s] Level 1:colcon.colcon_core.package_identification:_identify(src/sam_bot_nav) by extension 'ros'
[1.316s] DEBUG:colcon.colcon_core.package_identification:Package 'src/sam_bot_nav' with type 'ros.ament_python' and name 'sam_bot_nav'
[1.317s] Level 1:colcon.colcon_core.package_identification:_identify(src/sam_bot_odom_py) by extensions ['ignore', 'ignore_ament_install']
[1.317s] Level 1:colcon.colcon_core.package_identification:_identify(src/sam_bot_odom_py) by extension 'ignore'
[1.317s] Level 1:colcon.colcon_core.package_identification:_identify(src/sam_bot_odom_py) by extension 'ignore_ament_install'
[1.317s] Level 1:colcon.colcon_core.package_identification:_identify(src/sam_bot_odom_py) by extensions ['colcon_pkg']
[1.317s] Level 1:colcon.colcon_core.package_identification:_identify(src/sam_bot_odom_py) by extension 'colcon_pkg'
[1.317s] Level 1:colcon.colcon_core.package_identification:_identify(src/sam_bot_odom_py) by extensions ['colcon_meta']
[1.317s] Level 1:colcon.colcon_core.package_identification:_identify(src/sam_bot_odom_py) by extension 'colcon_meta'
[1.317s] Level 1:colcon.colcon_core.package_identification:_identify(src/sam_bot_odom_py) by extensions ['ros']
[1.317s] Level 1:colcon.colcon_core.package_identification:_identify(src/sam_bot_odom_py) by extension 'ros'
[1.317s] DEBUG:colcon.colcon_core.package_identification:Package 'src/sam_bot_odom_py' with type 'ros.ament_python' and name 'sam_bot_odom_py'
[1.317s] Level 1:colcon.colcon_core.package_identification:_identify(src/stm32) by extensions ['ignore', 'ignore_ament_install']
[1.317s] Level 1:colcon.colcon_core.package_identification:_identify(src/stm32) by extension 'ignore'
[1.317s] Level 1:colcon.colcon_core.package_identification:_identify(src/stm32) by extension 'ignore_ament_install'
[1.317s] Level 1:colcon.colcon_core.package_identification:_identify(src/stm32) by extensions ['colcon_pkg']
[1.317s] Level 1:colcon.colcon_core.package_identification:_identify(src/stm32) by extension 'colcon_pkg'
[1.317s] Level 1:colcon.colcon_core.package_identification:_identify(src/stm32) by extensions ['colcon_meta']
[1.317s] Level 1:colcon.colcon_core.package_identification:_identify(src/stm32) by extension 'colcon_meta'
[1.317s] Level 1:colcon.colcon_core.package_identification:_identify(src/stm32) by extensions ['ros']
[1.317s] Level 1:colcon.colcon_core.package_identification:_identify(src/stm32) by extension 'ros'
[1.318s] DEBUG:colcon.colcon_core.package_identification:Package 'src/stm32' with type 'ros.ament_python' and name 'stm32'
[1.318s] Level 1:colcon.colcon_core.package_discovery:discover_packages(recursive) using defaults
[1.318s] Level 1:colcon.colcon_core.package_discovery:discover_packages(ignore) discover
[1.318s] Level 1:colcon.colcon_core.package_discovery:discover_packages(ignore) using defaults
[1.318s] Level 1:colcon.colcon_core.package_discovery:discover_packages(path) discover
[1.318s] Level 1:colcon.colcon_core.package_discovery:discover_packages(path) using defaults
[1.442s] Level 1:colcon.colcon_core.package_discovery:discover_packages(prefix_path) check parameters
[1.442s] Level 1:colcon.colcon_core.package_discovery:discover_packages(prefix_path) discover
[1.447s] DEBUG:colcon.colcon_installed_package_information.package_discovery:Found 498 installed packages in /opt/ros/jazzy
[1.448s] Level 1:colcon.colcon_core.package_discovery:discover_packages(prefix_path) using defaults
[1.552s] Level 5:colcon.colcon_core.verb:set package 'lidar' build argument 'cmake_args' from command line to 'None'
[1.552s] Level 5:colcon.colcon_core.verb:set package 'lidar' build argument 'cmake_target' from command line to 'None'
[1.552s] Level 5:colcon.colcon_core.verb:set package 'lidar' build argument 'cmake_target_skip_unavailable' from command line to 'False'
[1.552s] Level 5:colcon.colcon_core.verb:set package 'lidar' build argument 'cmake_clean_cache' from command line to 'False'
[1.552s] Level 5:colcon.colcon_core.verb:set package 'lidar' build argument 'cmake_clean_first' from command line to 'False'
[1.552s] Level 5:colcon.colcon_core.verb:set package 'lidar' build argument 'cmake_force_configure' from command line to 'False'
[1.552s] Level 5:colcon.colcon_core.verb:set package 'lidar' build argument 'ament_cmake_args' from command line to 'None'
[1.552s] Level 5:colcon.colcon_core.verb:set package 'lidar' build argument 'catkin_cmake_args' from command line to 'None'
[1.552s] Level 5:colcon.colcon_core.verb:set package 'lidar' build argument 'catkin_skip_building_tests' from command line to 'False'
[1.552s] DEBUG:colcon.colcon_core.verb:Building package 'lidar' with the following arguments: {'ament_cmake_args': None, 'build_base': '/home/wh/ros2_mecanum/build/lidar', 'catkin_cmake_args': None, 'catkin_skip_building_tests': False, 'cmake_args': None, 'cmake_clean_cache': False, 'cmake_clean_first': False, 'cmake_force_configure': False, 'cmake_target': None, 'cmake_target_skip_unavailable': False, 'install_base': '/home/wh/ros2_mecanum/install/lidar', 'merge_install': False, 'path': '/home/wh/ros2_mecanum/src/lidar', 'symlink_install': False, 'test_result_base': None}
[1.552s] Level 5:colcon.colcon_core.verb:set package 'sam_bot_nav' build argument 'cmake_args' from command line to 'None'
[1.552s] Level 5:colcon.colcon_core.verb:set package 'sam_bot_nav' build argument 'cmake_target' from command line to 'None'
[1.552s] Level 5:colcon.colcon_core.verb:set package 'sam_bot_nav' build argument 'cmake_target_skip_unavailable' from command line to 'False'
[1.552s] Level 5:colcon.colcon_core.verb:set package 'sam_bot_nav' build argument 'cmake_clean_cache' from command line to 'False'
[1.552s] Level 5:colcon.colcon_core.verb:set package 'sam_bot_nav' build argument 'cmake_clean_first' from command line to 'False'
[1.552s] Level 5:colcon.colcon_core.verb:set package 'sam_bot_nav' build argument 'cmake_force_configure' from command line to 'False'
[1.552s] Level 5:colcon.colcon_core.verb:set package 'sam_bot_nav' build argument 'ament_cmake_args' from command line to 'None'
[1.552s] Level 5:colcon.colcon_core.verb:set package 'sam_bot_nav' build argument 'catkin_cmake_args' from command line to 'None'
[1.552s] Level 5:colcon.colcon_core.verb:set package 'sam_bot_nav' build argument 'catkin_skip_building_tests' from command line to 'False'
[1.552s] DEBUG:colcon.colcon_core.verb:Building package 'sam_bot_nav' with the following arguments: {'ament_cmake_args': None, 'build_base': '/home/wh/ros2_mecanum/build/sam_bot_nav', 'catkin_cmake_args': None, 'catkin_skip_building_tests': False, 'cmake_args': None, 'cmake_clean_cache': False, 'cmake_clean_first': False, 'cmake_force_configure': False, 'cmake_target': None, 'cmake_target_skip_unavailable': False, 'install_base': '/home/wh/ros2_mecanum/install/sam_bot_nav', 'merge_install': False, 'path': '/home/wh/ros2_mecanum/src/sam_bot_nav', 'symlink_install': False, 'test_result_base': None}
[1.552s] Level 5:colcon.colcon_core.verb:set package 'sam_bot_odom_py' build argument 'cmake_args' from command line to 'None'
[1.552s] Level 5:colcon.colcon_core.verb:set package 'sam_bot_odom_py' build argument 'cmake_target' from command line to 'None'
[1.552s] Level 5:colcon.colcon_core.verb:set package 'sam_bot_odom_py' build argument 'cmake_target_skip_unavailable' from command line to 'False'
[1.552s] Level 5:colcon.colcon_core.verb:set package 'sam_bot_odom_py' build argument 'cmake_clean_cache' from command line to 'False'
[1.552s] Level 5:colcon.colcon_core.verb:set package 'sam_bot_odom_py' build argument 'cmake_clean_first' from command line to 'False'
[1.553s] Level 5:colcon.colcon_core.verb:set package 'sam_bot_odom_py' build argument 'cmake_force_configure' from command line to 'False'
[1.553s] Level 5:colcon.colcon_core.verb:set package 'sam_bot_odom_py' build argument 'ament_cmake_args' from command line to 'None'
[1.553s] Level 5:colcon.colcon_core.verb:set package 'sam_bot_odom_py' build argument 'catkin_cmake_args' from command line to 'None'
[1.553s] Level 5:colcon.colcon_core.verb:set package 'sam_bot_odom_py' build argument 'catkin_skip_building_tests' from command line to 'False'
[1.553s] DEBUG:colcon.colcon_core.verb:Building package 'sam_bot_odom_py' with the following arguments: {'ament_cmake_args': None, 'build_base': '/home/wh/ros2_mecanum/build/sam_bot_odom_py', 'catkin_cmake_args': None, 'catkin_skip_building_tests': False, 'cmake_args': None, 'cmake_clean_cache': False, 'cmake_clean_first': False, 'cmake_force_configure': False, 'cmake_target': None, 'cmake_target_skip_unavailable': False, 'install_base': '/home/wh/ros2_mecanum/install/sam_bot_odom_py', 'merge_install': False, 'path': '/home/wh/ros2_mecanum/src/sam_bot_odom_py', 'symlink_install': False, 'test_result_base': None}
[1.553s] Level 5:colcon.colcon_core.verb:set package 'stm32' build argument 'cmake_args' from command line to 'None'
[1.553s] Level 5:colcon.colcon_core.verb:set package 'stm32' build argument 'cmake_target' from command line to 'None'
[1.553s] Level 5:colcon.colcon_core.verb:set package 'stm32' build argument 'cmake_target_skip_unavailable' from command line to 'False'
[1.553s] Level 5:colcon.colcon_core.verb:set package 'stm32' build argument 'cmake_clean_cache' from command line to 'False'
[1.553s] Level 5:colcon.colcon_core.verb:set package 'stm32' build argument 'cmake_clean_first' from command line to 'False'
[1.553s] Level 5:colcon.colcon_core.verb:set package 'stm32' build argument 'cmake_force_configure' from command line to 'False'
[1.553s] Level 5:colcon.colcon_core.verb:set package 'stm32' build argument 'ament_cmake_args' from command line to 'None'
[1.553s] Level 5:colcon.colcon_core.verb:set package 'stm32' build argument 'catkin_cmake_args' from command line to 'None'
[1.553s] Level 5:colcon.colcon_core.verb:set package 'stm32' build argument 'catkin_skip_building_tests' from command line to 'False'
[1.553s] DEBUG:colcon.colcon_core.verb:Building package 'stm32' with the following arguments: {'ament_cmake_args': None, 'build_base': '/home/wh/ros2_mecanum/build/stm32', 'catkin_cmake_args': None, 'catkin_skip_building_tests': False, 'cmake_args': None, 'cmake_clean_cache': False, 'cmake_clean_first': False, 'cmake_force_configure': False, 'cmake_target': None, 'cmake_target_skip_unavailable': False, 'install_base': '/home/wh/ros2_mecanum/install/stm32', 'merge_install': False, 'path': '/home/wh/ros2_mecanum/src/stm32', 'symlink_install': False, 'test_result_base': None}
[1.553s] INFO:colcon.colcon_core.executor:Executing jobs using 'parallel' executor
[1.553s] DEBUG:colcon.colcon_parallel_executor.executor.parallel:run_until_complete
[1.554s] INFO:colcon.colcon_ros.task.ament_python.build:Building ROS package in '/home/wh/ros2_mecanum/src/lidar' with build type 'ament_python'
[1.554s] Level 1:colcon.colcon_core.shell:create_environment_hook('lidar', 'ament_prefix_path')
[1.558s] INFO:colcon.colcon_core.plugin_system:Skipping extension 'colcon_core.shell.bat': Not used on non-Windows systems
[1.558s] INFO:colcon.colcon_core.shell:Creating environment hook '/home/wh/ros2_mecanum/install/lidar/share/lidar/hook/ament_prefix_path.ps1'
[1.571s] INFO:colcon.colcon_core.shell:Creating environment descriptor '/home/wh/ros2_mecanum/install/lidar/share/lidar/hook/ament_prefix_path.dsv'
[1.572s] INFO:colcon.colcon_core.shell:Creating environment hook '/home/wh/ros2_mecanum/install/lidar/share/lidar/hook/ament_prefix_path.sh'
[1.573s] INFO:colcon.colcon_core.shell:Skip shell extension 'powershell' for command environment: Not usable outside of PowerShell
[1.573s] DEBUG:colcon.colcon_core.shell:Skip shell extension 'dsv' for command environment
[1.576s] INFO:colcon.colcon_ros.task.ament_python.build:Building ROS package in '/home/wh/ros2_mecanum/src/sam_bot_nav' with build type 'ament_python'
[1.576s] Level 1:colcon.colcon_core.shell:create_environment_hook('sam_bot_nav', 'ament_prefix_path')
[1.576s] INFO:colcon.colcon_core.shell:Creating environment hook '/home/wh/ros2_mecanum/install/sam_bot_nav/share/sam_bot_nav/hook/ament_prefix_path.ps1'
[1.576s] INFO:colcon.colcon_core.shell:Creating environment descriptor '/home/wh/ros2_mecanum/install/sam_bot_nav/share/sam_bot_nav/hook/ament_prefix_path.dsv'
[1.576s] INFO:colcon.colcon_core.shell:Creating environment hook '/home/wh/ros2_mecanum/install/sam_bot_nav/share/sam_bot_nav/hook/ament_prefix_path.sh'
[1.577s] INFO:colcon.colcon_core.shell:Skip shell extension 'powershell' for command environment: Not usable outside of PowerShell
[1.577s] DEBUG:colcon.colcon_core.shell:Skip shell extension 'dsv' for command environment
[1.579s] INFO:colcon.colcon_ros.task.ament_python.build:Building ROS package in '/home/wh/ros2_mecanum/src/sam_bot_odom_py' with build type 'ament_python'
[1.579s] Level 1:colcon.colcon_core.shell:create_environment_hook('sam_bot_odom_py', 'ament_prefix_path')
[1.579s] INFO:colcon.colcon_core.shell:Creating environment hook '/home/wh/ros2_mecanum/install/sam_bot_odom_py/share/sam_bot_odom_py/hook/ament_prefix_path.ps1'
[1.579s] INFO:colcon.colcon_core.shell:Creating environment descriptor '/home/wh/ros2_mecanum/install/sam_bot_odom_py/share/sam_bot_odom_py/hook/ament_prefix_path.dsv'
[1.580s] INFO:colcon.colcon_core.shell:Creating environment hook '/home/wh/ros2_mecanum/install/sam_bot_odom_py/share/sam_bot_odom_py/hook/ament_prefix_path.sh'
[1.580s] INFO:colcon.colcon_core.shell:Skip shell extension 'powershell' for command environment: Not usable outside of PowerShell
[1.580s] DEBUG:colcon.colcon_core.shell:Skip shell extension 'dsv' for command environment
[1.582s] INFO:colcon.colcon_ros.task.ament_python.build:Building ROS package in '/home/wh/ros2_mecanum/src/stm32' with build type 'ament_python'
[1.582s] Level 1:colcon.colcon_core.shell:create_environment_hook('stm32', 'ament_prefix_path')
[1.583s] INFO:colcon.colcon_core.shell:Creating environment hook '/home/wh/ros2_mecanum/install/stm32/share/stm32/hook/ament_prefix_path.ps1'
[1.583s] INFO:colcon.colcon_core.shell:Creating environment descriptor '/home/wh/ros2_mecanum/install/stm32/share/stm32/hook/ament_prefix_path.dsv'
[1.583s] INFO:colcon.colcon_core.shell:Creating environment hook '/home/wh/ros2_mecanum/install/stm32/share/stm32/hook/ament_prefix_path.sh'
[1.583s] INFO:colcon.colcon_core.shell:Skip shell extension 'powershell' for command environment: Not usable outside of PowerShell
[1.584s] DEBUG:colcon.colcon_core.shell:Skip shell extension 'dsv' for command environment
[1.722s] INFO:colcon.colcon_core.task.python.build:Building Python package in '/home/wh/ros2_mecanum/src/lidar'
[1.723s] INFO:colcon.colcon_core.shell:Skip shell extension 'powershell' for command environment: Not usable outside of PowerShell
[1.723s] DEBUG:colcon.colcon_core.shell:Skip shell extension 'dsv' for command environment
[1.856s] INFO:colcon.colcon_core.task.python.build:Building Python package in '/home/wh/ros2_mecanum/src/sam_bot_nav'
[1.856s] INFO:colcon.colcon_core.shell:Skip shell extension 'powershell' for command environment: Not usable outside of PowerShell
[1.856s] DEBUG:colcon.colcon_core.shell:Skip shell extension 'dsv' for command environment
[1.991s] INFO:colcon.colcon_core.task.python.build:Building Python package in '/home/wh/ros2_mecanum/src/sam_bot_odom_py'
[1.991s] INFO:colcon.colcon_core.shell:Skip shell extension 'powershell' for command environment: Not usable outside of PowerShell
[1.991s] DEBUG:colcon.colcon_core.shell:Skip shell extension 'dsv' for command environment
[2.128s] INFO:colcon.colcon_core.task.python.build:Building Python package in '/home/wh/ros2_mecanum/src/stm32'
[2.128s] INFO:colcon.colcon_core.shell:Skip shell extension 'powershell' for command environment: Not usable outside of PowerShell
[2.128s] DEBUG:colcon.colcon_core.shell:Skip shell extension 'dsv' for command environment
[4.874s] DEBUG:colcon.colcon_core.event_handler.log_command:Invoking command in '/home/wh/ros2_mecanum/src/sam_bot_nav': DEBUGINFOD_URLS=https://debuginfod.ubuntu.com PYTHONPATH=/home/wh/ros2_mecanum/build/sam_bot_nav/prefix_override:/usr/lib/python3/dist-packages/colcon_core/task/python/colcon_distutils_commands:/home/wh/ros2_mecanum/install/sam_bot_nav/lib/python3.12/site-packages:${PYTHONPATH} /usr/bin/python3 -W ignore:setup.py install is deprecated -W ignore:easy_install command is deprecated setup.py egg_info --egg-base ../../build/sam_bot_nav build --build-base /home/wh/ros2_mecanum/build/sam_bot_nav/build install --record /home/wh/ros2_mecanum/build/sam_bot_nav/install.log --single-version-externally-managed install_data
[4.887s] DEBUG:colcon.colcon_core.event_handler.log_command:Invoking command in '/home/wh/ros2_mecanum/src/lidar': DEBUGINFOD_URLS=https://debuginfod.ubuntu.com PYTHONPATH=/home/wh/ros2_mecanum/build/lidar/prefix_override:/usr/lib/python3/dist-packages/colcon_core/task/python/colcon_distutils_commands:/home/wh/ros2_mecanum/install/lidar/lib/python3.12/site-packages:${PYTHONPATH} /usr/bin/python3 -W ignore:setup.py install is deprecated -W ignore:easy_install command is deprecated setup.py egg_info --egg-base ../../build/lidar build --build-base /home/wh/ros2_mecanum/build/lidar/build install --record /home/wh/ros2_mecanum/build/lidar/install.log --single-version-externally-managed install_data
[4.889s] DEBUG:colcon.colcon_core.event_handler.log_command:Invoking command in '/home/wh/ros2_mecanum/src/sam_bot_odom_py': DEBUGINFOD_URLS=https://debuginfod.ubuntu.com PYTHONPATH=/home/wh/ros2_mecanum/build/sam_bot_odom_py/prefix_override:/usr/lib/python3/dist-packages/colcon_core/task/python/colcon_distutils_commands:/home/wh/ros2_mecanum/install/sam_bot_odom_py/lib/python3.12/site-packages:${PYTHONPATH} /usr/bin/python3 -W ignore:setup.py install is deprecated -W ignore:easy_install command is deprecated setup.py egg_info --egg-base ../../build/sam_bot_odom_py build --build-base /home/wh/ros2_mecanum/build/sam_bot_odom_py/build install --record /home/wh/ros2_mecanum/build/sam_bot_odom_py/install.log --single-version-externally-managed install_data
[4.908s] DEBUG:colcon.colcon_core.event_handler.log_command:Invoking command in '/home/wh/ros2_mecanum/src/stm32': DEBUGINFOD_URLS=https://debuginfod.ubuntu.com PYTHONPATH=/home/wh/ros2_mecanum/build/stm32/prefix_override:/usr/lib/python3/dist-packages/colcon_core/task/python/colcon_distutils_commands:/home/wh/ros2_mecanum/install/stm32/lib/python3.12/site-packages:${PYTHONPATH} /usr/bin/python3 -W ignore:setup.py install is deprecated -W ignore:easy_install command is deprecated setup.py egg_info --egg-base ../../build/stm32 build --build-base /home/wh/ros2_mecanum/build/stm32/build install --record /home/wh/ros2_mecanum/build/stm32/install.log --single-version-externally-managed install_data
[5.238s] DEBUG:colcon.colcon_core.event_handler.log_command:Invoked command in '/home/wh/ros2_mecanum/src/sam_bot_nav' returned '0': DEBUGINFOD_URLS=https://debuginfod.ubuntu.com PYTHONPATH=/home/wh/ros2_mecanum/build/sam_bot_nav/prefix_override:/usr/lib/python3/dist-packages/colcon_core/task/python/colcon_distutils_commands:/home/wh/ros2_mecanum/install/sam_bot_nav/lib/python3.12/site-packages:${PYTHONPATH} /usr/bin/python3 -W ignore:setup.py install is deprecated -W ignore:easy_install command is deprecated setup.py egg_info --egg-base ../../build/sam_bot_nav build --build-base /home/wh/ros2_mecanum/build/sam_bot_nav/build install --record /home/wh/ros2_mecanum/build/sam_bot_nav/install.log --single-version-externally-managed install_data
[5.242s] Level 1:colcon.colcon_core.environment:checking '/home/wh/ros2_mecanum/install/sam_bot_nav' for CMake module files
[5.243s] Level 1:colcon.colcon_core.environment:checking '/home/wh/ros2_mecanum/install/sam_bot_nav' for CMake config files
[5.243s] Level 1:colcon.colcon_core.environment:checking '/home/wh/ros2_mecanum/install/sam_bot_nav/lib'
[5.243s] Level 1:colcon.colcon_core.environment:checking '/home/wh/ros2_mecanum/install/sam_bot_nav/bin'
[5.243s] Level 1:colcon.colcon_core.environment:checking '/home/wh/ros2_mecanum/install/sam_bot_nav/lib/pkgconfig/sam_bot_nav.pc'
[5.243s] Level 1:colcon.colcon_core.environment:checking '/home/wh/ros2_mecanum/install/sam_bot_nav/lib/python3.12/site-packages'
[5.243s] Level 1:colcon.colcon_core.shell:create_environment_hook('sam_bot_nav', 'pythonpath')
[5.243s] INFO:colcon.colcon_core.shell:Creating environment hook '/home/wh/ros2_mecanum/install/sam_bot_nav/share/sam_bot_nav/hook/pythonpath.ps1'
[5.244s] INFO:colcon.colcon_core.shell:Creating environment descriptor '/home/wh/ros2_mecanum/install/sam_bot_nav/share/sam_bot_nav/hook/pythonpath.dsv'
[5.244s] INFO:colcon.colcon_core.shell:Creating environment hook '/home/wh/ros2_mecanum/install/sam_bot_nav/share/sam_bot_nav/hook/pythonpath.sh'
[5.244s] Level 1:colcon.colcon_core.environment:checking '/home/wh/ros2_mecanum/install/sam_bot_nav/bin'
[5.244s] Level 1:colcon.colcon_core.environment:create_environment_scripts_only(sam_bot_nav)
[5.245s] INFO:colcon.colcon_core.shell:Creating package script '/home/wh/ros2_mecanum/install/sam_bot_nav/share/sam_bot_nav/package.ps1'
[5.245s] INFO:colcon.colcon_core.shell:Creating package descriptor '/home/wh/ros2_mecanum/install/sam_bot_nav/share/sam_bot_nav/package.dsv'
[5.246s] INFO:colcon.colcon_core.shell:Creating package script '/home/wh/ros2_mecanum/install/sam_bot_nav/share/sam_bot_nav/package.sh'
[5.246s] INFO:colcon.colcon_core.shell:Creating package script '/home/wh/ros2_mecanum/install/sam_bot_nav/share/sam_bot_nav/package.bash'
[5.247s] INFO:colcon.colcon_core.shell:Creating package script '/home/wh/ros2_mecanum/install/sam_bot_nav/share/sam_bot_nav/package.zsh'
[5.247s] Level 1:colcon.colcon_core.environment:create_file_with_runtime_dependencies(/home/wh/ros2_mecanum/install/sam_bot_nav/share/colcon-core/packages/sam_bot_nav)
[5.248s] Level 1:colcon.colcon_core.environment:checking '/home/wh/ros2_mecanum/install/sam_bot_odom_py' for CMake module files
[5.249s] DEBUG:colcon.colcon_core.event_handler.log_command:Invoked command in '/home/wh/ros2_mecanum/src/sam_bot_odom_py' returned '0': DEBUGINFOD_URLS=https://debuginfod.ubuntu.com PYTHONPATH=/home/wh/ros2_mecanum/build/sam_bot_odom_py/prefix_override:/usr/lib/python3/dist-packages/colcon_core/task/python/colcon_distutils_commands:/home/wh/ros2_mecanum/install/sam_bot_odom_py/lib/python3.12/site-packages:${PYTHONPATH} /usr/bin/python3 -W ignore:setup.py install is deprecated -W ignore:easy_install command is deprecated setup.py egg_info --egg-base ../../build/sam_bot_odom_py build --build-base /home/wh/ros2_mecanum/build/sam_bot_odom_py/build install --record /home/wh/ros2_mecanum/build/sam_bot_odom_py/install.log --single-version-externally-managed install_data
[5.249s] Level 1:colcon.colcon_core.environment:checking '/home/wh/ros2_mecanum/install/sam_bot_odom_py' for CMake config files
[5.249s] Level 1:colcon.colcon_core.environment:checking '/home/wh/ros2_mecanum/install/sam_bot_odom_py/lib'
[5.249s] Level 1:colcon.colcon_core.environment:checking '/home/wh/ros2_mecanum/install/sam_bot_odom_py/bin'
[5.250s] Level 1:colcon.colcon_core.environment:checking '/home/wh/ros2_mecanum/install/sam_bot_odom_py/lib/pkgconfig/sam_bot_odom_py.pc'
[5.250s] Level 1:colcon.colcon_core.environment:checking '/home/wh/ros2_mecanum/install/sam_bot_odom_py/lib/python3.12/site-packages'
[5.250s] Level 1:colcon.colcon_core.shell:create_environment_hook('sam_bot_odom_py', 'pythonpath')
[5.250s] INFO:colcon.colcon_core.shell:Creating environment hook '/home/wh/ros2_mecanum/install/sam_bot_odom_py/share/sam_bot_odom_py/hook/pythonpath.ps1'
[5.250s] INFO:colcon.colcon_core.shell:Creating environment descriptor '/home/wh/ros2_mecanum/install/sam_bot_odom_py/share/sam_bot_odom_py/hook/pythonpath.dsv'
[5.250s] INFO:colcon.colcon_core.shell:Creating environment hook '/home/wh/ros2_mecanum/install/sam_bot_odom_py/share/sam_bot_odom_py/hook/pythonpath.sh'
[5.251s] Level 1:colcon.colcon_core.environment:checking '/home/wh/ros2_mecanum/install/sam_bot_odom_py/bin'
[5.251s] Level 1:colcon.colcon_core.environment:create_environment_scripts_only(sam_bot_odom_py)
[5.251s] INFO:colcon.colcon_core.shell:Creating package script '/home/wh/ros2_mecanum/install/sam_bot_odom_py/share/sam_bot_odom_py/package.ps1'
[5.251s] INFO:colcon.colcon_core.shell:Creating package descriptor '/home/wh/ros2_mecanum/install/sam_bot_odom_py/share/sam_bot_odom_py/package.dsv'
[5.252s] INFO:colcon.colcon_core.shell:Creating package script '/home/wh/ros2_mecanum/install/sam_bot_odom_py/share/sam_bot_odom_py/package.sh'
[5.252s] INFO:colcon.colcon_core.shell:Creating package script '/home/wh/ros2_mecanum/install/sam_bot_odom_py/share/sam_bot_odom_py/package.bash'
[5.252s] INFO:colcon.colcon_core.shell:Creating package script '/home/wh/ros2_mecanum/install/sam_bot_odom_py/share/sam_bot_odom_py/package.zsh'
[5.252s] Level 1:colcon.colcon_core.environment:create_file_with_runtime_dependencies(/home/wh/ros2_mecanum/install/sam_bot_odom_py/share/colcon-core/packages/sam_bot_odom_py)
[5.253s] Level 1:colcon.colcon_core.environment:checking '/home/wh/ros2_mecanum/install/lidar' for CMake module files
[5.253s] DEBUG:colcon.colcon_core.event_handler.log_command:Invoked command in '/home/wh/ros2_mecanum/src/lidar' returned '0': DEBUGINFOD_URLS=https://debuginfod.ubuntu.com PYTHONPATH=/home/wh/ros2_mecanum/build/lidar/prefix_override:/usr/lib/python3/dist-packages/colcon_core/task/python/colcon_distutils_commands:/home/wh/ros2_mecanum/install/lidar/lib/python3.12/site-packages:${PYTHONPATH} /usr/bin/python3 -W ignore:setup.py install is deprecated -W ignore:easy_install command is deprecated setup.py egg_info --egg-base ../../build/lidar build --build-base /home/wh/ros2_mecanum/build/lidar/build install --record /home/wh/ros2_mecanum/build/lidar/install.log --single-version-externally-managed install_data
[5.253s] Level 1:colcon.colcon_core.environment:checking '/home/wh/ros2_mecanum/install/lidar' for CMake config files
[5.254s] Level 1:colcon.colcon_core.environment:checking '/home/wh/ros2_mecanum/install/lidar/lib'
[5.254s] Level 1:colcon.colcon_core.environment:checking '/home/wh/ros2_mecanum/install/lidar/bin'
[5.254s] Level 1:colcon.colcon_core.environment:checking '/home/wh/ros2_mecanum/install/lidar/lib/pkgconfig/lidar.pc'
[5.254s] Level 1:colcon.colcon_core.environment:checking '/home/wh/ros2_mecanum/install/lidar/lib/python3.12/site-packages'
[5.254s] Level 1:colcon.colcon_core.shell:create_environment_hook('lidar', 'pythonpath')
[5.254s] INFO:colcon.colcon_core.shell:Creating environment hook '/home/wh/ros2_mecanum/install/lidar/share/lidar/hook/pythonpath.ps1'
[5.254s] INFO:colcon.colcon_core.shell:Creating environment descriptor '/home/wh/ros2_mecanum/install/lidar/share/lidar/hook/pythonpath.dsv'
[5.254s] INFO:colcon.colcon_core.shell:Creating environment hook '/home/wh/ros2_mecanum/install/lidar/share/lidar/hook/pythonpath.sh'
[5.255s] Level 1:colcon.colcon_core.environment:checking '/home/wh/ros2_mecanum/install/lidar/bin'
[5.255s] Level 1:colcon.colcon_core.environment:create_environment_scripts_only(lidar)
[5.255s] INFO:colcon.colcon_core.shell:Creating package script '/home/wh/ros2_mecanum/install/lidar/share/lidar/package.ps1'
[5.255s] INFO:colcon.colcon_core.shell:Creating package descriptor '/home/wh/ros2_mecanum/install/lidar/share/lidar/package.dsv'
[5.256s] INFO:colcon.colcon_core.shell:Creating package script '/home/wh/ros2_mecanum/install/lidar/share/lidar/package.sh'
[5.256s] INFO:colcon.colcon_core.shell:Creating package script '/home/wh/ros2_mecanum/install/lidar/share/lidar/package.bash'
[5.256s] INFO:colcon.colcon_core.shell:Creating package script '/home/wh/ros2_mecanum/install/lidar/share/lidar/package.zsh'
[5.256s] Level 1:colcon.colcon_core.environment:create_file_with_runtime_dependencies(/home/wh/ros2_mecanum/install/lidar/share/colcon-core/packages/lidar)
[5.257s] Level 1:colcon.colcon_core.environment:checking '/home/wh/ros2_mecanum/install/stm32' for CMake module files
[5.257s] DEBUG:colcon.colcon_core.event_handler.log_command:Invoked command in '/home/wh/ros2_mecanum/src/stm32' returned '0': DEBUGINFOD_URLS=https://debuginfod.ubuntu.com PYTHONPATH=/home/wh/ros2_mecanum/build/stm32/prefix_override:/usr/lib/python3/dist-packages/colcon_core/task/python/colcon_distutils_commands:/home/wh/ros2_mecanum/install/stm32/lib/python3.12/site-packages:${PYTHONPATH} /usr/bin/python3 -W ignore:setup.py install is deprecated -W ignore:easy_install command is deprecated setup.py egg_info --egg-base ../../build/stm32 build --build-base /home/wh/ros2_mecanum/build/stm32/build install --record /home/wh/ros2_mecanum/build/stm32/install.log --single-version-externally-managed install_data
[5.257s] Level 1:colcon.colcon_core.environment:checking '/home/wh/ros2_mecanum/install/stm32' for CMake config files
[5.258s] Level 1:colcon.colcon_core.environment:checking '/home/wh/ros2_mecanum/install/stm32/lib'
[5.258s] Level 1:colcon.colcon_core.environment:checking '/home/wh/ros2_mecanum/install/stm32/bin'
[5.258s] Level 1:colcon.colcon_core.environment:checking '/home/wh/ros2_mecanum/install/stm32/lib/pkgconfig/stm32.pc'
[5.258s] Level 1:colcon.colcon_core.environment:checking '/home/wh/ros2_mecanum/install/stm32/lib/python3.12/site-packages'
[5.258s] Level 1:colcon.colcon_core.shell:create_environment_hook('stm32', 'pythonpath')
[5.258s] INFO:colcon.colcon_core.shell:Creating environment hook '/home/wh/ros2_mecanum/install/stm32/share/stm32/hook/pythonpath.ps1'
[5.258s] INFO:colcon.colcon_core.shell:Creating environment descriptor '/home/wh/ros2_mecanum/install/stm32/share/stm32/hook/pythonpath.dsv'
[5.259s] INFO:colcon.colcon_core.shell:Creating environment hook '/home/wh/ros2_mecanum/install/stm32/share/stm32/hook/pythonpath.sh'
[5.259s] Level 1:colcon.colcon_core.environment:checking '/home/wh/ros2_mecanum/install/stm32/bin'
[5.259s] Level 1:colcon.colcon_core.environment:create_environment_scripts_only(stm32)
[5.259s] INFO:colcon.colcon_core.shell:Creating package script '/home/wh/ros2_mecanum/install/stm32/share/stm32/package.ps1'
[5.260s] INFO:colcon.colcon_core.shell:Creating package descriptor '/home/wh/ros2_mecanum/install/stm32/share/stm32/package.dsv'
[5.260s] INFO:colcon.colcon_core.shell:Creating package script '/home/wh/ros2_mecanum/install/stm32/share/stm32/package.sh'
[5.260s] INFO:colcon.colcon_core.shell:Creating package script '/home/wh/ros2_mecanum/install/stm32/share/stm32/package.bash'
[5.260s] INFO:colcon.colcon_core.shell:Creating package script '/home/wh/ros2_mecanum/install/stm32/share/stm32/package.zsh'
[5.261s] Level 1:colcon.colcon_core.environment:create_file_with_runtime_dependencies(/home/wh/ros2_mecanum/install/stm32/share/colcon-core/packages/stm32)
[5.261s] DEBUG:colcon.colcon_parallel_executor.executor.parallel:closing loop
[5.261s] DEBUG:colcon.colcon_parallel_executor.executor.parallel:loop closed
[5.261s] DEBUG:colcon.colcon_parallel_executor.executor.parallel:run_until_complete finished with '0'
[5.261s] DEBUG:colcon.colcon_core.event_reactor:joining thread
[5.302s] INFO:colcon.colcon_core.plugin_system:Skipping extension 'colcon_notification.desktop_notification.terminal_notifier': Not used on non-Darwin systems
[5.302s] INFO:colcon.colcon_core.plugin_system:Skipping extension 'colcon_notification.desktop_notification.win32': Not used on non-Windows systems
[5.303s] INFO:colcon.colcon_notification.desktop_notification:Sending desktop notification using 'notify2'
[5.332s] DEBUG:colcon.colcon_core.event_reactor:joined thread
[5.332s] INFO:colcon.colcon_core.shell:Creating prefix script '/home/wh/ros2_mecanum/install/local_setup.ps1'
[5.333s] INFO:colcon.colcon_core.shell:Creating prefix util module '/home/wh/ros2_mecanum/install/_local_setup_util_ps1.py'
[5.335s] INFO:colcon.colcon_core.shell:Creating prefix chain script '/home/wh/ros2_mecanum/install/setup.ps1'
[5.336s] INFO:colcon.colcon_core.shell:Creating prefix script '/home/wh/ros2_mecanum/install/local_setup.sh'
[5.337s] INFO:colcon.colcon_core.shell:Creating prefix util module '/home/wh/ros2_mecanum/install/_local_setup_util_sh.py'
[5.337s] INFO:colcon.colcon_core.shell:Creating prefix chain script '/home/wh/ros2_mecanum/install/setup.sh'
[5.339s] INFO:colcon.colcon_core.shell:Creating prefix script '/home/wh/ros2_mecanum/install/local_setup.bash'
[5.340s] INFO:colcon.colcon_core.shell:Creating prefix chain script '/home/wh/ros2_mecanum/install/setup.bash'
[5.341s] INFO:colcon.colcon_core.shell:Creating prefix script '/home/wh/ros2_mecanum/install/local_setup.zsh'
[5.341s] INFO:colcon.colcon_core.shell:Creating prefix chain script '/home/wh/ros2_mecanum/install/setup.zsh'
