running egg_info
creating ../../build/sam_bot_odom_py/sam_bot_odom_py.egg-info
writing ../../build/sam_bot_odom_py/sam_bot_odom_py.egg-info/PKG-INFO
writing dependency_links to ../../build/sam_bot_odom_py/sam_bot_odom_py.egg-info/dependency_links.txt
writing entry points to ../../build/sam_bot_odom_py/sam_bot_odom_py.egg-info/entry_points.txt
writing requirements to ../../build/sam_bot_odom_py/sam_bot_odom_py.egg-info/requires.txt
writing top-level names to ../../build/sam_bot_odom_py/sam_bot_odom_py.egg-info/top_level.txt
writing manifest file '../../build/sam_bot_odom_py/sam_bot_odom_py.egg-info/SOURCES.txt'
reading manifest file '../../build/sam_bot_odom_py/sam_bot_odom_py.egg-info/SOURCES.txt'
writing manifest file '../../build/sam_bot_odom_py/sam_bot_odom_py.egg-info/SOURCES.txt'
running build
running build_py
creating /home/wh/ros2_mecanum/build/sam_bot_odom_py/build
creating /home/wh/ros2_mecanum/build/sam_bot_odom_py/build/lib
creating /home/wh/ros2_mecanum/build/sam_bot_odom_py/build/lib/sam_bot_odom_py
copying sam_bot_odom_py/__init__.py -> /home/wh/ros2_mecanum/build/sam_bot_odom_py/build/lib/sam_bot_odom_py
copying sam_bot_odom_py/OdometryNode.py -> /home/wh/ros2_mecanum/build/sam_bot_odom_py/build/lib/sam_bot_odom_py
running install
running install_lib
creating /home/wh/ros2_mecanum/install/sam_bot_odom_py/lib/python3.12/site-packages/sam_bot_odom_py
copying /home/wh/ros2_mecanum/build/sam_bot_odom_py/build/lib/sam_bot_odom_py/__init__.py -> /home/wh/ros2_mecanum/install/sam_bot_odom_py/lib/python3.12/site-packages/sam_bot_odom_py
copying /home/wh/ros2_mecanum/build/sam_bot_odom_py/build/lib/sam_bot_odom_py/OdometryNode.py -> /home/wh/ros2_mecanum/install/sam_bot_odom_py/lib/python3.12/site-packages/sam_bot_odom_py
byte-compiling /home/wh/ros2_mecanum/install/sam_bot_odom_py/lib/python3.12/site-packages/sam_bot_odom_py/__init__.py to __init__.cpython-312.pyc
byte-compiling /home/wh/ros2_mecanum/install/sam_bot_odom_py/lib/python3.12/site-packages/sam_bot_odom_py/OdometryNode.py to OdometryNode.cpython-312.pyc
running install_data
creating /home/wh/ros2_mecanum/install/sam_bot_odom_py/share/ament_index
creating /home/wh/ros2_mecanum/install/sam_bot_odom_py/share/ament_index/resource_index
creating /home/wh/ros2_mecanum/install/sam_bot_odom_py/share/ament_index/resource_index/packages
copying resource/sam_bot_odom_py -> /home/wh/ros2_mecanum/install/sam_bot_odom_py/share/ament_index/resource_index/packages
copying package.xml -> /home/wh/ros2_mecanum/install/sam_bot_odom_py/share/sam_bot_odom_py
creating /home/wh/ros2_mecanum/install/sam_bot_odom_py/share/sam_bot_odom_py/launch
copying launch/display.launch.py -> /home/wh/ros2_mecanum/install/sam_bot_odom_py/share/sam_bot_odom_py/launch
copying launch/sam_bot_odom.launch.py -> /home/wh/ros2_mecanum/install/sam_bot_odom_py/share/sam_bot_odom_py/launch
creating /home/wh/ros2_mecanum/install/sam_bot_odom_py/share/sam_bot_odom_py/config
copying config/ekf.yaml -> /home/wh/ros2_mecanum/install/sam_bot_odom_py/share/sam_bot_odom_py/config
copying config/rviz.rviz -> /home/wh/ros2_mecanum/install/sam_bot_odom_py/share/sam_bot_odom_py/config
creating /home/wh/ros2_mecanum/install/sam_bot_odom_py/share/sam_bot_odom_py/urdf
copying urdf/sam_bot.urdf -> /home/wh/ros2_mecanum/install/sam_bot_odom_py/share/sam_bot_odom_py/urdf
running install_egg_info
Copying ../../build/sam_bot_odom_py/sam_bot_odom_py.egg-info to /home/wh/ros2_mecanum/install/sam_bot_odom_py/lib/python3.12/site-packages/sam_bot_odom_py-0.0.0-py3.12.egg-info
running install_scripts
Installing OdometryNode script to /home/wh/ros2_mecanum/install/sam_bot_odom_py/lib/sam_bot_odom_py
writing list of installed files to '/home/wh/ros2_mecanum/build/sam_bot_odom_py/install.log'
