[3.507s] Invoking command in '/home/wh/ros2_mecanum/src/sam_bot_odom_py': DEBUGINFOD_URLS=https://debuginfod.ubuntu.com PYTHONPATH=/home/wh/ros2_mecanum/build/sam_bot_odom_py/prefix_override:/usr/lib/python3/dist-packages/colcon_core/task/python/colcon_distutils_commands:/home/wh/ros2_mecanum/install/sam_bot_odom_py/lib/python3.12/site-packages:${PYTHONPATH} /usr/bin/python3 -W ignore:setup.py install is deprecated -W ignore:easy_install command is deprecated setup.py egg_info --egg-base ../../build/sam_bot_odom_py build --build-base /home/wh/ros2_mecanum/build/sam_bot_odom_py/build install --record /home/wh/ros2_mecanum/build/sam_bot_odom_py/install.log --single-version-externally-managed install_data
[3.672s] running egg_info
[3.672s] creating ../../build/sam_bot_odom_py/sam_bot_odom_py.egg-info
[3.683s] writing ../../build/sam_bot_odom_py/sam_bot_odom_py.egg-info/PKG-INFO
[3.683s] writing dependency_links to ../../build/sam_bot_odom_py/sam_bot_odom_py.egg-info/dependency_links.txt
[3.683s] writing entry points to ../../build/sam_bot_odom_py/sam_bot_odom_py.egg-info/entry_points.txt
[3.683s] writing requirements to ../../build/sam_bot_odom_py/sam_bot_odom_py.egg-info/requires.txt
[3.683s] writing top-level names to ../../build/sam_bot_odom_py/sam_bot_odom_py.egg-info/top_level.txt
[3.683s] writing manifest file '../../build/sam_bot_odom_py/sam_bot_odom_py.egg-info/SOURCES.txt'
[3.706s] reading manifest file '../../build/sam_bot_odom_py/sam_bot_odom_py.egg-info/SOURCES.txt'
[3.707s] writing manifest file '../../build/sam_bot_odom_py/sam_bot_odom_py.egg-info/SOURCES.txt'
[3.707s] running build
[3.707s] running build_py
[3.707s] creating /home/wh/ros2_mecanum/build/sam_bot_odom_py/build
[3.707s] creating /home/wh/ros2_mecanum/build/sam_bot_odom_py/build/lib
[3.707s] creating /home/wh/ros2_mecanum/build/sam_bot_odom_py/build/lib/sam_bot_odom_py
[3.707s] copying sam_bot_odom_py/__init__.py -> /home/wh/ros2_mecanum/build/sam_bot_odom_py/build/lib/sam_bot_odom_py
[3.707s] copying sam_bot_odom_py/OdometryNode.py -> /home/wh/ros2_mecanum/build/sam_bot_odom_py/build/lib/sam_bot_odom_py
[3.707s] running install
[3.711s] running install_lib
[3.723s] creating /home/wh/ros2_mecanum/install/sam_bot_odom_py/lib/python3.12/site-packages/sam_bot_odom_py
[3.723s] copying /home/wh/ros2_mecanum/build/sam_bot_odom_py/build/lib/sam_bot_odom_py/__init__.py -> /home/wh/ros2_mecanum/install/sam_bot_odom_py/lib/python3.12/site-packages/sam_bot_odom_py
[3.723s] copying /home/wh/ros2_mecanum/build/sam_bot_odom_py/build/lib/sam_bot_odom_py/OdometryNode.py -> /home/wh/ros2_mecanum/install/sam_bot_odom_py/lib/python3.12/site-packages/sam_bot_odom_py
[3.723s] byte-compiling /home/wh/ros2_mecanum/install/sam_bot_odom_py/lib/python3.12/site-packages/sam_bot_odom_py/__init__.py to __init__.cpython-312.pyc
[3.723s] byte-compiling /home/wh/ros2_mecanum/install/sam_bot_odom_py/lib/python3.12/site-packages/sam_bot_odom_py/OdometryNode.py to OdometryNode.cpython-312.pyc
[3.724s] running install_data
[3.724s] creating /home/wh/ros2_mecanum/install/sam_bot_odom_py/share/ament_index
[3.724s] creating /home/wh/ros2_mecanum/install/sam_bot_odom_py/share/ament_index/resource_index
[3.724s] creating /home/wh/ros2_mecanum/install/sam_bot_odom_py/share/ament_index/resource_index/packages
[3.724s] copying resource/sam_bot_odom_py -> /home/wh/ros2_mecanum/install/sam_bot_odom_py/share/ament_index/resource_index/packages
[3.724s] copying package.xml -> /home/wh/ros2_mecanum/install/sam_bot_odom_py/share/sam_bot_odom_py
[3.724s] creating /home/wh/ros2_mecanum/install/sam_bot_odom_py/share/sam_bot_odom_py/launch
[3.724s] copying launch/display.launch.py -> /home/wh/ros2_mecanum/install/sam_bot_odom_py/share/sam_bot_odom_py/launch
[3.724s] copying launch/sam_bot_odom.launch.py -> /home/wh/ros2_mecanum/install/sam_bot_odom_py/share/sam_bot_odom_py/launch
[3.724s] creating /home/wh/ros2_mecanum/install/sam_bot_odom_py/share/sam_bot_odom_py/config
[3.724s] copying config/ekf.yaml -> /home/wh/ros2_mecanum/install/sam_bot_odom_py/share/sam_bot_odom_py/config
[3.725s] copying config/rviz.rviz -> /home/wh/ros2_mecanum/install/sam_bot_odom_py/share/sam_bot_odom_py/config
[3.725s] creating /home/wh/ros2_mecanum/install/sam_bot_odom_py/share/sam_bot_odom_py/urdf
[3.725s] copying urdf/sam_bot.urdf -> /home/wh/ros2_mecanum/install/sam_bot_odom_py/share/sam_bot_odom_py/urdf
[3.725s] running install_egg_info
[3.737s] Copying ../../build/sam_bot_odom_py/sam_bot_odom_py.egg-info to /home/wh/ros2_mecanum/install/sam_bot_odom_py/lib/python3.12/site-packages/sam_bot_odom_py-0.0.0-py3.12.egg-info
[3.738s] running install_scripts
[3.817s] Installing OdometryNode script to /home/wh/ros2_mecanum/install/sam_bot_odom_py/lib/sam_bot_odom_py
[3.817s] writing list of installed files to '/home/wh/ros2_mecanum/build/sam_bot_odom_py/install.log'
[3.850s] Invoked command in '/home/wh/ros2_mecanum/src/sam_bot_odom_py' returned '0': DEBUGINFOD_URLS=https://debuginfod.ubuntu.com PYTHONPATH=/home/wh/ros2_mecanum/build/sam_bot_odom_py/prefix_override:/usr/lib/python3/dist-packages/colcon_core/task/python/colcon_distutils_commands:/home/wh/ros2_mecanum/install/sam_bot_odom_py/lib/python3.12/site-packages:${PYTHONPATH} /usr/bin/python3 -W ignore:setup.py install is deprecated -W ignore:easy_install command is deprecated setup.py egg_info --egg-base ../../build/sam_bot_odom_py build --build-base /home/wh/ros2_mecanum/build/sam_bot_odom_py/build install --record /home/wh/ros2_mecanum/build/sam_bot_odom_py/install.log --single-version-externally-managed install_data
