running egg_info
writing ../../build/lidar/lidar.egg-info/PKG-INFO
writing dependency_links to ../../build/lidar/lidar.egg-info/dependency_links.txt
writing entry points to ../../build/lidar/lidar.egg-info/entry_points.txt
writing requirements to ../../build/lidar/lidar.egg-info/requires.txt
writing top-level names to ../../build/lidar/lidar.egg-info/top_level.txt
reading manifest file '../../build/lidar/lidar.egg-info/SOURCES.txt'
writing manifest file '../../build/lidar/lidar.egg-info/SOURCES.txt'
running build
running build_py
running install
running install_lib
running install_data
creating /home/wh/ros2_mecanum/install/lidar/share/lidar/launch
copying launch/lidar.launch.py -> /home/wh/ros2_mecanum/install/lidar/share/lidar/launch
running install_egg_info
removing '/home/wh/ros2_mecanum/install/lidar/lib/python3.12/site-packages/lidar-0.0.0-py3.12.egg-info' (and everything under it)
Copying ../../build/lidar/lidar.egg-info to /home/wh/ros2_mecanum/install/lidar/lib/python3.12/site-packages/lidar-0.0.0-py3.12.egg-info
running install_scripts
Installing lidar_node script to /home/wh/ros2_mecanum/install/lidar/lib/lidar
writing list of installed files to '/home/wh/ros2_mecanum/build/lidar/install.log'
