[3.333s] Invoking command in '/home/wh/ros2_mecanum/src/lidar': DEBUGINFOD_URLS=https://debuginfod.ubuntu.com PYTHONPATH=/home/wh/ros2_mecanum/build/lidar/prefix_override:/usr/lib/python3/dist-packages/colcon_core/task/python/colcon_distutils_commands:/home/wh/ros2_mecanum/install/lidar/lib/python3.12/site-packages:${PYTHONPATH} /usr/bin/python3 -W ignore:setup.py install is deprecated -W ignore:easy_install command is deprecated setup.py egg_info --egg-base ../../build/lidar build --build-base /home/wh/ros2_mecanum/build/lidar/build install --record /home/wh/ros2_mecanum/build/lidar/install.log --single-version-externally-managed install_data
[3.518s] running egg_info
[3.530s] writing ../../build/lidar/lidar.egg-info/PKG-INFO
[3.530s] writing dependency_links to ../../build/lidar/lidar.egg-info/dependency_links.txt
[3.530s] writing entry points to ../../build/lidar/lidar.egg-info/entry_points.txt
[3.530s] writing requirements to ../../build/lidar/lidar.egg-info/requires.txt
[3.530s] writing top-level names to ../../build/lidar/lidar.egg-info/top_level.txt
[3.554s] reading manifest file '../../build/lidar/lidar.egg-info/SOURCES.txt'
[3.554s] writing manifest file '../../build/lidar/lidar.egg-info/SOURCES.txt'
[3.554s] running build
[3.554s] running build_py
[3.554s] running install
[3.559s] running install_lib
[3.570s] running install_data
[3.571s] creating /home/wh/ros2_mecanum/install/lidar/share/lidar/launch
[3.571s] copying launch/lidar.launch.py -> /home/wh/ros2_mecanum/install/lidar/share/lidar/launch
[3.571s] running install_egg_info
[3.583s] removing '/home/wh/ros2_mecanum/install/lidar/lib/python3.12/site-packages/lidar-0.0.0-py3.12.egg-info' (and everything under it)
[3.583s] Copying ../../build/lidar/lidar.egg-info to /home/wh/ros2_mecanum/install/lidar/lib/python3.12/site-packages/lidar-0.0.0-py3.12.egg-info
[3.583s] running install_scripts
[3.663s] Installing lidar_node script to /home/wh/ros2_mecanum/install/lidar/lib/lidar
[3.663s] writing list of installed files to '/home/wh/ros2_mecanum/build/lidar/install.log'
[3.699s] Invoked command in '/home/wh/ros2_mecanum/src/lidar' returned '0': DEBUGINFOD_URLS=https://debuginfod.ubuntu.com PYTHONPATH=/home/wh/ros2_mecanum/build/lidar/prefix_override:/usr/lib/python3/dist-packages/colcon_core/task/python/colcon_distutils_commands:/home/wh/ros2_mecanum/install/lidar/lib/python3.12/site-packages:${PYTHONPATH} /usr/bin/python3 -W ignore:setup.py install is deprecated -W ignore:easy_install command is deprecated setup.py egg_info --egg-base ../../build/lidar build --build-base /home/wh/ros2_mecanum/build/lidar/build install --record /home/wh/ros2_mecanum/build/lidar/install.log --single-version-externally-managed install_data
