running egg_info
creating ../../build/sam_bot_nav/sam_bot_nav.egg-info
writing ../../build/sam_bot_nav/sam_bot_nav.egg-info/PKG-INFO
writing dependency_links to ../../build/sam_bot_nav/sam_bot_nav.egg-info/dependency_links.txt
writing entry points to ../../build/sam_bot_nav/sam_bot_nav.egg-info/entry_points.txt
writing requirements to ../../build/sam_bot_nav/sam_bot_nav.egg-info/requires.txt
writing top-level names to ../../build/sam_bot_nav/sam_bot_nav.egg-info/top_level.txt
writing manifest file '../../build/sam_bot_nav/sam_bot_nav.egg-info/SOURCES.txt'
reading manifest file '../../build/sam_bot_nav/sam_bot_nav.egg-info/SOURCES.txt'
writing manifest file '../../build/sam_bot_nav/sam_bot_nav.egg-info/SOURCES.txt'
running build
running build_py
creating /home/wh/ros2_mecanum/build/sam_bot_nav/build
creating /home/wh/ros2_mecanum/build/sam_bot_nav/build/lib
creating /home/wh/ros2_mecanum/build/sam_bot_nav/build/lib/sam_bot_nav
copying sam_bot_nav/__init__.py -> /home/wh/ros2_mecanum/build/sam_bot_nav/build/lib/sam_bot_nav
copying sam_bot_nav/nav_node.py -> /home/wh/ros2_mecanum/build/sam_bot_nav/build/lib/sam_bot_nav
running install
running install_lib
creating /home/wh/ros2_mecanum/install/sam_bot_nav/lib/python3.12/site-packages/sam_bot_nav
copying /home/wh/ros2_mecanum/build/sam_bot_nav/build/lib/sam_bot_nav/__init__.py -> /home/wh/ros2_mecanum/install/sam_bot_nav/lib/python3.12/site-packages/sam_bot_nav
copying /home/wh/ros2_mecanum/build/sam_bot_nav/build/lib/sam_bot_nav/nav_node.py -> /home/wh/ros2_mecanum/install/sam_bot_nav/lib/python3.12/site-packages/sam_bot_nav
byte-compiling /home/wh/ros2_mecanum/install/sam_bot_nav/lib/python3.12/site-packages/sam_bot_nav/__init__.py to __init__.cpython-312.pyc
byte-compiling /home/wh/ros2_mecanum/install/sam_bot_nav/lib/python3.12/site-packages/sam_bot_nav/nav_node.py to nav_node.cpython-312.pyc
running install_data
creating /home/wh/ros2_mecanum/install/sam_bot_nav/share/ament_index
creating /home/wh/ros2_mecanum/install/sam_bot_nav/share/ament_index/resource_index
creating /home/wh/ros2_mecanum/install/sam_bot_nav/share/ament_index/resource_index/packages
copying resource/sam_bot_nav -> /home/wh/ros2_mecanum/install/sam_bot_nav/share/ament_index/resource_index/packages
copying package.xml -> /home/wh/ros2_mecanum/install/sam_bot_nav/share/sam_bot_nav
creating /home/wh/ros2_mecanum/install/sam_bot_nav/share/sam_bot_nav/launch
copying launch/sam_bot_nav2_launch.py -> /home/wh/ros2_mecanum/install/sam_bot_nav/share/sam_bot_nav/launch
running install_egg_info
Copying ../../build/sam_bot_nav/sam_bot_nav.egg-info to /home/wh/ros2_mecanum/install/sam_bot_nav/lib/python3.12/site-packages/sam_bot_nav-0.0.0-py3.12.egg-info
running install_scripts
Installing nav_node script to /home/wh/ros2_mecanum/install/sam_bot_nav/lib/sam_bot_nav
writing list of installed files to '/home/wh/ros2_mecanum/build/sam_bot_nav/install.log'
