[3.298s] Invoking command in '/home/wh/ros2_mecanum/src/sam_bot_nav': DEBUGINFOD_URLS=https://debuginfod.ubuntu.com PYTHONPATH=/home/wh/ros2_mecanum/build/sam_bot_nav/prefix_override:/usr/lib/python3/dist-packages/colcon_core/task/python/colcon_distutils_commands:/home/wh/ros2_mecanum/install/sam_bot_nav/lib/python3.12/site-packages:${PYTHONPATH} /usr/bin/python3 -W ignore:setup.py install is deprecated -W ignore:easy_install command is deprecated setup.py egg_info --egg-base ../../build/sam_bot_nav build --build-base /home/wh/ros2_mecanum/build/sam_bot_nav/build install --record /home/wh/ros2_mecanum/build/sam_bot_nav/install.log --single-version-externally-managed install_data
[3.493s] running egg_info
[3.493s] creating ../../build/sam_bot_nav/sam_bot_nav.egg-info
[3.505s] writing ../../build/sam_bot_nav/sam_bot_nav.egg-info/PKG-INFO
[3.505s] writing dependency_links to ../../build/sam_bot_nav/sam_bot_nav.egg-info/dependency_links.txt
[3.505s] writing entry points to ../../build/sam_bot_nav/sam_bot_nav.egg-info/entry_points.txt
[3.505s] writing requirements to ../../build/sam_bot_nav/sam_bot_nav.egg-info/requires.txt
[3.505s] writing top-level names to ../../build/sam_bot_nav/sam_bot_nav.egg-info/top_level.txt
[3.505s] writing manifest file '../../build/sam_bot_nav/sam_bot_nav.egg-info/SOURCES.txt'
[3.528s] reading manifest file '../../build/sam_bot_nav/sam_bot_nav.egg-info/SOURCES.txt'
[3.529s] writing manifest file '../../build/sam_bot_nav/sam_bot_nav.egg-info/SOURCES.txt'
[3.529s] running build
[3.529s] running build_py
[3.529s] creating /home/wh/ros2_mecanum/build/sam_bot_nav/build
[3.529s] creating /home/wh/ros2_mecanum/build/sam_bot_nav/build/lib
[3.529s] creating /home/wh/ros2_mecanum/build/sam_bot_nav/build/lib/sam_bot_nav
[3.529s] copying sam_bot_nav/__init__.py -> /home/wh/ros2_mecanum/build/sam_bot_nav/build/lib/sam_bot_nav
[3.529s] copying sam_bot_nav/nav_node.py -> /home/wh/ros2_mecanum/build/sam_bot_nav/build/lib/sam_bot_nav
[3.529s] running install
[3.533s] running install_lib
[3.545s] creating /home/wh/ros2_mecanum/install/sam_bot_nav/lib/python3.12/site-packages/sam_bot_nav
[3.545s] copying /home/wh/ros2_mecanum/build/sam_bot_nav/build/lib/sam_bot_nav/__init__.py -> /home/wh/ros2_mecanum/install/sam_bot_nav/lib/python3.12/site-packages/sam_bot_nav
[3.545s] copying /home/wh/ros2_mecanum/build/sam_bot_nav/build/lib/sam_bot_nav/nav_node.py -> /home/wh/ros2_mecanum/install/sam_bot_nav/lib/python3.12/site-packages/sam_bot_nav
[3.545s] byte-compiling /home/wh/ros2_mecanum/install/sam_bot_nav/lib/python3.12/site-packages/sam_bot_nav/__init__.py to __init__.cpython-312.pyc
[3.545s] byte-compiling /home/wh/ros2_mecanum/install/sam_bot_nav/lib/python3.12/site-packages/sam_bot_nav/nav_node.py to nav_node.cpython-312.pyc
[3.545s] running install_data
[3.545s] creating /home/wh/ros2_mecanum/install/sam_bot_nav/share/ament_index
[3.545s] creating /home/wh/ros2_mecanum/install/sam_bot_nav/share/ament_index/resource_index
[3.545s] creating /home/wh/ros2_mecanum/install/sam_bot_nav/share/ament_index/resource_index/packages
[3.546s] copying resource/sam_bot_nav -> /home/wh/ros2_mecanum/install/sam_bot_nav/share/ament_index/resource_index/packages
[3.546s] copying package.xml -> /home/wh/ros2_mecanum/install/sam_bot_nav/share/sam_bot_nav
[3.546s] creating /home/wh/ros2_mecanum/install/sam_bot_nav/share/sam_bot_nav/launch
[3.546s] copying launch/sam_bot_nav2_launch.py -> /home/wh/ros2_mecanum/install/sam_bot_nav/share/sam_bot_nav/launch
[3.546s] running install_egg_info
[3.558s] Copying ../../build/sam_bot_nav/sam_bot_nav.egg-info to /home/wh/ros2_mecanum/install/sam_bot_nav/lib/python3.12/site-packages/sam_bot_nav-0.0.0-py3.12.egg-info
[3.558s] running install_scripts
[3.638s] Installing nav_node script to /home/wh/ros2_mecanum/install/sam_bot_nav/lib/sam_bot_nav
[3.638s] writing list of installed files to '/home/wh/ros2_mecanum/build/sam_bot_nav/install.log'
[3.662s] Invoked command in '/home/wh/ros2_mecanum/src/sam_bot_nav' returned '0': DEBUGINFOD_URLS=https://debuginfod.ubuntu.com PYTHONPATH=/home/wh/ros2_mecanum/build/sam_bot_nav/prefix_override:/usr/lib/python3/dist-packages/colcon_core/task/python/colcon_distutils_commands:/home/wh/ros2_mecanum/install/sam_bot_nav/lib/python3.12/site-packages:${PYTHONPATH} /usr/bin/python3 -W ignore:setup.py install is deprecated -W ignore:easy_install command is deprecated setup.py egg_info --egg-base ../../build/sam_bot_nav build --build-base /home/wh/ros2_mecanum/build/sam_bot_nav/build install --record /home/wh/ros2_mecanum/build/sam_bot_nav/install.log --single-version-externally-managed install_data
